[0.423s] DEBUG:colcon:Command line arguments: ['/usr/bin/colcon', 'build', '--symlink-install', '--packages-select', 'pub2']
[0.423s] DEBUG:colcon:Parsed command line arguments: Namespace(allow_overriding=[], ament_cmake_args=None, base_paths=['.'], build_base='build', catkin_cmake_args=None, catkin_skip_building_tests=False, cmake_args=None, cmake_clean_cache=False, cmake_clean_first=False, cmake_force_configure=False, cmake_target=None, cmake_target_skip_unavailable=False, continue_on_error=False, event_handlers=None, executor='parallel', ignore_user_meta=False, install_base='install', log_base=None, log_level=None, main=<bound method BuildVerb.main of <colcon_core.verb.build.BuildVerb object at 0x7f4fcfd4f310>>, merge_install=False, metas=['./colcon.meta'], packages_above=None, packages_above_and_dependencies=None, packages_above_depth=None, packages_end=None, packages_ignore=None, packages_ignore_regex=None, packages_select=['pub2'], packages_select_build_failed=False, packages_select_by_dep=None, packages_select_regex=None, packages_select_test_failures=False, packages_skip=None, packages_skip_build_finished=False, packages_skip_by_dep=None, packages_skip_regex=None, packages_skip_test_passed=False, packages_skip_up_to=None, packages_start=None, packages_up_to=None, packages_up_to_regex=None, parallel_workers=6, paths=None, symlink_install=True, test_result_base=None, verb_extension=<colcon_core.verb.build.BuildVerb object at 0x7f4fcfd4f310>, verb_name='build', verb_parser=<colcon_defaults.argument_parser.defaults.DefaultArgumentsDecorator object at 0x7f4fcfb888e0>)
[0.596s] Level 1:colcon.colcon_core.package_discovery:discover_packages(colcon_meta) check parameters
[0.597s] Level 1:colcon.colcon_core.package_discovery:discover_packages(recursive) check parameters
[0.597s] Level 1:colcon.colcon_core.package_discovery:discover_packages(ignore) check parameters
[0.597s] Level 1:colcon.colcon_core.package_discovery:discover_packages(path) check parameters
[0.597s] Level 1:colcon.colcon_core.package_discovery:discover_packages(colcon_meta) discover
[0.597s] Level 1:colcon.colcon_core.package_discovery:discover_packages(recursive) discover
[0.597s] INFO:colcon.colcon_core.package_discovery:Crawling recursively for packages in '/home/linux/ros2_ws'
[0.597s] Level 1:colcon.colcon_core.package_identification:_identify(.) by extensions ['ignore', 'ignore_ament_install']
[0.597s] Level 1:colcon.colcon_core.package_identification:_identify(.) by extension 'ignore'
[0.597s] Level 1:colcon.colcon_core.package_identification:_identify(.) by extension 'ignore_ament_install'
[0.597s] Level 1:colcon.colcon_core.package_identification:_identify(.) by extensions ['colcon_pkg']
[0.597s] Level 1:colcon.colcon_core.package_identification:_identify(.) by extension 'colcon_pkg'
[0.597s] Level 1:colcon.colcon_core.package_identification:_identify(.) by extensions ['colcon_meta']
[0.597s] Level 1:colcon.colcon_core.package_identification:_identify(.) by extension 'colcon_meta'
[0.597s] Level 1:colcon.colcon_core.package_identification:_identify(.) by extensions ['ros']
[0.597s] Level 1:colcon.colcon_core.package_identification:_identify(.) by extension 'ros'
[0.613s] Level 1:colcon.colcon_core.package_identification:_identify(.) by extensions ['cmake', 'python']
[0.613s] Level 1:colcon.colcon_core.package_identification:_identify(.) by extension 'cmake'
[0.613s] Level 1:colcon.colcon_core.package_identification:_identify(.) by extension 'python'
[0.613s] Level 1:colcon.colcon_core.package_identification:_identify(.) by extensions ['python_setup_py']
[0.614s] Level 1:colcon.colcon_core.package_identification:_identify(.) by extension 'python_setup_py'
[0.614s] Level 1:colcon.colcon_core.package_identification:_identify(build) by extensions ['ignore', 'ignore_ament_install']
[0.614s] Level 1:colcon.colcon_core.package_identification:_identify(build) by extension 'ignore'
[0.614s] Level 1:colcon.colcon_core.package_identification:_identify(build) ignored
[0.614s] Level 1:colcon.colcon_core.package_identification:_identify(install) by extensions ['ignore', 'ignore_ament_install']
[0.614s] Level 1:colcon.colcon_core.package_identification:_identify(install) by extension 'ignore'
[0.614s] Level 1:colcon.colcon_core.package_identification:_identify(install) ignored
[0.614s] Level 1:colcon.colcon_core.package_identification:_identify(log) by extensions ['ignore', 'ignore_ament_install']
[0.615s] Level 1:colcon.colcon_core.package_identification:_identify(log) by extension 'ignore'
[0.615s] Level 1:colcon.colcon_core.package_identification:_identify(log) ignored
[0.615s] Level 1:colcon.colcon_core.package_identification:_identify(src) by extensions ['ignore', 'ignore_ament_install']
[0.615s] Level 1:colcon.colcon_core.package_identification:_identify(src) by extension 'ignore'
[0.615s] Level 1:colcon.colcon_core.package_identification:_identify(src) by extension 'ignore_ament_install'
[0.615s] Level 1:colcon.colcon_core.package_identification:_identify(src) by extensions ['colcon_pkg']
[0.615s] Level 1:colcon.colcon_core.package_identification:_identify(src) by extension 'colcon_pkg'
[0.615s] Level 1:colcon.colcon_core.package_identification:_identify(src) by extensions ['colcon_meta']
[0.615s] Level 1:colcon.colcon_core.package_identification:_identify(src) by extension 'colcon_meta'
[0.615s] Level 1:colcon.colcon_core.package_identification:_identify(src) by extensions ['ros']
[0.615s] Level 1:colcon.colcon_core.package_identification:_identify(src) by extension 'ros'
[0.615s] Level 1:colcon.colcon_core.package_identification:_identify(src) by extensions ['cmake', 'python']
[0.615s] Level 1:colcon.colcon_core.package_identification:_identify(src) by extension 'cmake'
[0.615s] Level 1:colcon.colcon_core.package_identification:_identify(src) by extension 'python'
[0.615s] Level 1:colcon.colcon_core.package_identification:_identify(src) by extensions ['python_setup_py']
[0.616s] Level 1:colcon.colcon_core.package_identification:_identify(src) by extension 'python_setup_py'
[0.616s] Level 1:colcon.colcon_core.package_identification:_identify(src/pub1) by extensions ['ignore', 'ignore_ament_install']
[0.616s] Level 1:colcon.colcon_core.package_identification:_identify(src/pub1) by extension 'ignore'
[0.616s] Level 1:colcon.colcon_core.package_identification:_identify(src/pub1) by extension 'ignore_ament_install'
[0.616s] Level 1:colcon.colcon_core.package_identification:_identify(src/pub1) by extensions ['colcon_pkg']
[0.616s] Level 1:colcon.colcon_core.package_identification:_identify(src/pub1) by extension 'colcon_pkg'
[0.616s] Level 1:colcon.colcon_core.package_identification:_identify(src/pub1) by extensions ['colcon_meta']
[0.616s] Level 1:colcon.colcon_core.package_identification:_identify(src/pub1) by extension 'colcon_meta'
[0.616s] Level 1:colcon.colcon_core.package_identification:_identify(src/pub1) by extensions ['ros']
[0.616s] Level 1:colcon.colcon_core.package_identification:_identify(src/pub1) by extension 'ros'
[0.622s] DEBUG:colcon.colcon_core.package_identification:Package 'src/pub1' with type 'ros.ament_cmake' and name 'pub1'
[0.622s] Level 1:colcon.colcon_core.package_identification:_identify(src/pub1_1) by extensions ['ignore', 'ignore_ament_install']
[0.622s] Level 1:colcon.colcon_core.package_identification:_identify(src/pub1_1) by extension 'ignore'
[0.622s] Level 1:colcon.colcon_core.package_identification:_identify(src/pub1_1) by extension 'ignore_ament_install'
[0.622s] Level 1:colcon.colcon_core.package_identification:_identify(src/pub1_1) by extensions ['colcon_pkg']
[0.622s] Level 1:colcon.colcon_core.package_identification:_identify(src/pub1_1) by extension 'colcon_pkg'
[0.622s] Level 1:colcon.colcon_core.package_identification:_identify(src/pub1_1) by extensions ['colcon_meta']
[0.623s] Level 1:colcon.colcon_core.package_identification:_identify(src/pub1_1) by extension 'colcon_meta'
[0.623s] Level 1:colcon.colcon_core.package_identification:_identify(src/pub1_1) by extensions ['ros']
[0.623s] Level 1:colcon.colcon_core.package_identification:_identify(src/pub1_1) by extension 'ros'
[0.624s] DEBUG:colcon.colcon_core.package_identification:Package 'src/pub1_1' with type 'ros.ament_cmake' and name 'pub1_1'
[0.624s] Level 1:colcon.colcon_core.package_identification:_identify(src/pub1_2) by extensions ['ignore', 'ignore_ament_install']
[0.624s] Level 1:colcon.colcon_core.package_identification:_identify(src/pub1_2) by extension 'ignore'
[0.624s] Level 1:colcon.colcon_core.package_identification:_identify(src/pub1_2) by extension 'ignore_ament_install'
[0.625s] Level 1:colcon.colcon_core.package_identification:_identify(src/pub1_2) by extensions ['colcon_pkg']
[0.625s] Level 1:colcon.colcon_core.package_identification:_identify(src/pub1_2) by extension 'colcon_pkg'
[0.625s] Level 1:colcon.colcon_core.package_identification:_identify(src/pub1_2) by extensions ['colcon_meta']
[0.625s] Level 1:colcon.colcon_core.package_identification:_identify(src/pub1_2) by extension 'colcon_meta'
[0.625s] Level 1:colcon.colcon_core.package_identification:_identify(src/pub1_2) by extensions ['ros']
[0.625s] Level 1:colcon.colcon_core.package_identification:_identify(src/pub1_2) by extension 'ros'
[0.626s] DEBUG:colcon.colcon_core.package_identification:Package 'src/pub1_2' with type 'ros.ament_cmake' and name 'pub1_2'
[0.626s] Level 1:colcon.colcon_core.package_identification:_identify(src/pub1_3) by extensions ['ignore', 'ignore_ament_install']
[0.626s] Level 1:colcon.colcon_core.package_identification:_identify(src/pub1_3) by extension 'ignore'
[0.627s] Level 1:colcon.colcon_core.package_identification:_identify(src/pub1_3) by extension 'ignore_ament_install'
[0.627s] Level 1:colcon.colcon_core.package_identification:_identify(src/pub1_3) by extensions ['colcon_pkg']
[0.627s] Level 1:colcon.colcon_core.package_identification:_identify(src/pub1_3) by extension 'colcon_pkg'
[0.627s] Level 1:colcon.colcon_core.package_identification:_identify(src/pub1_3) by extensions ['colcon_meta']
[0.627s] Level 1:colcon.colcon_core.package_identification:_identify(src/pub1_3) by extension 'colcon_meta'
[0.627s] Level 1:colcon.colcon_core.package_identification:_identify(src/pub1_3) by extensions ['ros']
[0.627s] Level 1:colcon.colcon_core.package_identification:_identify(src/pub1_3) by extension 'ros'
[0.628s] DEBUG:colcon.colcon_core.package_identification:Package 'src/pub1_3' with type 'ros.ament_cmake' and name 'pub1_3'
[0.628s] Level 1:colcon.colcon_core.package_identification:_identify(src/pub2) by extensions ['ignore', 'ignore_ament_install']
[0.628s] Level 1:colcon.colcon_core.package_identification:_identify(src/pub2) by extension 'ignore'
[0.629s] Level 1:colcon.colcon_core.package_identification:_identify(src/pub2) by extension 'ignore_ament_install'
[0.629s] Level 1:colcon.colcon_core.package_identification:_identify(src/pub2) by extensions ['colcon_pkg']
[0.629s] Level 1:colcon.colcon_core.package_identification:_identify(src/pub2) by extension 'colcon_pkg'
[0.629s] Level 1:colcon.colcon_core.package_identification:_identify(src/pub2) by extensions ['colcon_meta']
[0.629s] Level 1:colcon.colcon_core.package_identification:_identify(src/pub2) by extension 'colcon_meta'
[0.629s] Level 1:colcon.colcon_core.package_identification:_identify(src/pub2) by extensions ['ros']
[0.629s] Level 1:colcon.colcon_core.package_identification:_identify(src/pub2) by extension 'ros'
[0.630s] DEBUG:colcon.colcon_core.package_identification:Package 'src/pub2' with type 'ros.ament_cmake' and name 'pub2'
[0.630s] Level 1:colcon.colcon_core.package_discovery:discover_packages(recursive) using defaults
[0.630s] Level 1:colcon.colcon_core.package_discovery:discover_packages(ignore) discover
[0.630s] Level 1:colcon.colcon_core.package_discovery:discover_packages(ignore) using defaults
[0.630s] Level 1:colcon.colcon_core.package_discovery:discover_packages(path) discover
[0.630s] Level 1:colcon.colcon_core.package_discovery:discover_packages(path) using defaults
[0.650s] INFO:colcon.colcon_core.package_selection:Skipping not selected package 'pub1' in 'src/pub1'
[0.650s] INFO:colcon.colcon_core.package_selection:Skipping not selected package 'pub1_1' in 'src/pub1_1'
[0.650s] INFO:colcon.colcon_core.package_selection:Skipping not selected package 'pub1_2' in 'src/pub1_2'
[0.650s] INFO:colcon.colcon_core.package_selection:Skipping not selected package 'pub1_3' in 'src/pub1_3'
[0.651s] Level 1:colcon.colcon_core.package_discovery:discover_packages(prefix_path) check parameters
[0.651s] Level 1:colcon.colcon_core.package_discovery:discover_packages(prefix_path) discover
[0.656s] DEBUG:colcon.colcon_installed_package_information.package_discovery:Found 4 installed packages in /home/linux/ros2_ws/install
[0.658s] DEBUG:colcon.colcon_installed_package_information.package_discovery:Found 258 installed packages in /opt/ros/foxy
[0.668s] Level 1:colcon.colcon_core.package_discovery:discover_packages(prefix_path) using defaults
[0.779s] Level 5:colcon.colcon_core.verb:set package 'pub2' build argument 'cmake_args' from command line to 'None'
[0.779s] Level 5:colcon.colcon_core.verb:set package 'pub2' build argument 'cmake_target' from command line to 'None'
[0.779s] Level 5:colcon.colcon_core.verb:set package 'pub2' build argument 'cmake_target_skip_unavailable' from command line to 'False'
[0.779s] Level 5:colcon.colcon_core.verb:set package 'pub2' build argument 'cmake_clean_cache' from command line to 'False'
[0.779s] Level 5:colcon.colcon_core.verb:set package 'pub2' build argument 'cmake_clean_first' from command line to 'False'
[0.779s] Level 5:colcon.colcon_core.verb:set package 'pub2' build argument 'cmake_force_configure' from command line to 'False'
[0.779s] Level 5:colcon.colcon_core.verb:set package 'pub2' build argument 'ament_cmake_args' from command line to 'None'
[0.779s] Level 5:colcon.colcon_core.verb:set package 'pub2' build argument 'catkin_cmake_args' from command line to 'None'
[0.779s] Level 5:colcon.colcon_core.verb:set package 'pub2' build argument 'catkin_skip_building_tests' from command line to 'False'
[0.779s] DEBUG:colcon.colcon_core.verb:Building package 'pub2' with the following arguments: {'ament_cmake_args': None, 'build_base': '/home/linux/ros2_ws/build/pub2', 'catkin_cmake_args': None, 'catkin_skip_building_tests': False, 'cmake_args': None, 'cmake_clean_cache': False, 'cmake_clean_first': False, 'cmake_force_configure': False, 'cmake_target': None, 'cmake_target_skip_unavailable': False, 'install_base': '/home/linux/ros2_ws/install/pub2', 'merge_install': False, 'path': '/home/linux/ros2_ws/src/pub2', 'symlink_install': True, 'test_result_base': None}
[0.779s] INFO:colcon.colcon_core.executor:Executing jobs using 'parallel' executor
[0.781s] DEBUG:colcon.colcon_parallel_executor.executor.parallel:run_until_complete
[0.781s] INFO:colcon.colcon_ros.task.ament_cmake.build:Building ROS package in '/home/linux/ros2_ws/src/pub2' with build type 'ament_cmake'
[0.781s] INFO:colcon.colcon_cmake.task.cmake.build:Building CMake package in '/home/linux/ros2_ws/src/pub2'
[0.786s] INFO:colcon.colcon_core.plugin_system:Skipping extension 'colcon_core.shell.bat': Not used on non-Windows systems
[0.786s] INFO:colcon.colcon_core.shell:Skip shell extension 'powershell' for command environment: Not usable outside of PowerShell
[0.786s] DEBUG:colcon.colcon_core.shell:Skip shell extension 'dsv' for command environment
[0.805s] DEBUG:colcon.colcon_core.event_handler.log_command:Invoking command in '/home/linux/ros2_ws/build/pub2': CMAKE_PREFIX_PATH=${CMAKE_PREFIX_PATH}:/opt/ros/foxy /usr/bin/cmake /home/linux/ros2_ws/src/pub2 -DAMENT_CMAKE_SYMLINK_INSTALL=1 -DCMAKE_INSTALL_PREFIX=/home/linux/ros2_ws/install/pub2
[11.492s] DEBUG:colcon.colcon_core.event_handler.log_command:Invoked command in '/home/linux/ros2_ws/build/pub2' returned '0': CMAKE_PREFIX_PATH=${CMAKE_PREFIX_PATH}:/opt/ros/foxy /usr/bin/cmake /home/linux/ros2_ws/src/pub2 -DAMENT_CMAKE_SYMLINK_INSTALL=1 -DCMAKE_INSTALL_PREFIX=/home/linux/ros2_ws/install/pub2
[11.496s] DEBUG:colcon.colcon_core.event_handler.log_command:Invoking command in '/home/linux/ros2_ws/build/pub2': CMAKE_PREFIX_PATH=${CMAKE_PREFIX_PATH}:/opt/ros/foxy /usr/bin/cmake --build /home/linux/ros2_ws/build/pub2 -- -j6 -l6
[15.098s] DEBUG:colcon.colcon_core.event_handler.log_command:Invoked command in '/home/linux/ros2_ws/build/pub2' returned '0': CMAKE_PREFIX_PATH=${CMAKE_PREFIX_PATH}:/opt/ros/foxy /usr/bin/cmake --build /home/linux/ros2_ws/build/pub2 -- -j6 -l6
[15.112s] DEBUG:colcon.colcon_core.event_handler.log_command:Invoking command in '/home/linux/ros2_ws/build/pub2': CMAKE_PREFIX_PATH=${CMAKE_PREFIX_PATH}:/opt/ros/foxy /usr/bin/cmake --install /home/linux/ros2_ws/build/pub2
[15.279s] Level 1:colcon.colcon_core.environment:create_environment_scripts_only(pub2)
[15.280s] DEBUG:colcon.colcon_core.event_handler.log_command:Invoked command in '/home/linux/ros2_ws/build/pub2' returned '0': CMAKE_PREFIX_PATH=${CMAKE_PREFIX_PATH}:/opt/ros/foxy /usr/bin/cmake --install /home/linux/ros2_ws/build/pub2
[15.292s] Level 1:colcon.colcon_core.environment:checking '/home/linux/ros2_ws/install/pub2' for CMake module files
[15.292s] Level 1:colcon.colcon_core.environment:checking '/home/linux/ros2_ws/install/pub2' for CMake config files
[15.293s] Level 1:colcon.colcon_core.shell:create_environment_hook('pub2', 'cmake_prefix_path')
[15.293s] INFO:colcon.colcon_core.shell:Creating environment hook '/home/linux/ros2_ws/install/pub2/share/pub2/hook/cmake_prefix_path.ps1'
[15.295s] INFO:colcon.colcon_core.shell:Creating environment descriptor '/home/linux/ros2_ws/install/pub2/share/pub2/hook/cmake_prefix_path.dsv'
[15.296s] INFO:colcon.colcon_core.shell:Creating environment hook '/home/linux/ros2_ws/install/pub2/share/pub2/hook/cmake_prefix_path.sh'
[15.298s] Level 1:colcon.colcon_core.environment:checking '/home/linux/ros2_ws/install/pub2/lib'
[15.298s] Level 1:colcon.colcon_core.environment:checking '/home/linux/ros2_ws/install/pub2/bin'
[15.298s] Level 1:colcon.colcon_core.environment:checking '/home/linux/ros2_ws/install/pub2/lib/pkgconfig/pub2.pc'
[15.298s] Level 1:colcon.colcon_core.environment:checking '/home/linux/ros2_ws/install/pub2/lib/python3.8/site-packages'
[15.299s] Level 1:colcon.colcon_core.environment:checking '/home/linux/ros2_ws/install/pub2/bin'
[15.299s] INFO:colcon.colcon_core.shell:Creating package script '/home/linux/ros2_ws/install/pub2/share/pub2/package.ps1'
[15.300s] INFO:colcon.colcon_core.shell:Creating package descriptor '/home/linux/ros2_ws/install/pub2/share/pub2/package.dsv'
[15.302s] INFO:colcon.colcon_core.shell:Creating package script '/home/linux/ros2_ws/install/pub2/share/pub2/package.sh'
[15.304s] INFO:colcon.colcon_core.shell:Creating package script '/home/linux/ros2_ws/install/pub2/share/pub2/package.bash'
[15.305s] INFO:colcon.colcon_core.shell:Creating package script '/home/linux/ros2_ws/install/pub2/share/pub2/package.zsh'
[15.307s] Level 1:colcon.colcon_core.environment:create_file_with_runtime_dependencies(/home/linux/ros2_ws/install/pub2/share/colcon-core/packages/pub2)
[15.308s] Level 1:colcon.colcon_core.environment:create_environment_scripts_only(pub2)
[15.308s] Level 1:colcon.colcon_core.environment:checking '/home/linux/ros2_ws/install/pub2' for CMake module files
[15.308s] Level 1:colcon.colcon_core.environment:checking '/home/linux/ros2_ws/install/pub2' for CMake config files
[15.309s] Level 1:colcon.colcon_core.shell:create_environment_hook('pub2', 'cmake_prefix_path')
[15.309s] INFO:colcon.colcon_core.shell:Creating environment hook '/home/linux/ros2_ws/install/pub2/share/pub2/hook/cmake_prefix_path.ps1'
[15.309s] INFO:colcon.colcon_core.shell:Creating environment descriptor '/home/linux/ros2_ws/install/pub2/share/pub2/hook/cmake_prefix_path.dsv'
[15.310s] INFO:colcon.colcon_core.shell:Creating environment hook '/home/linux/ros2_ws/install/pub2/share/pub2/hook/cmake_prefix_path.sh'
[15.310s] Level 1:colcon.colcon_core.environment:checking '/home/linux/ros2_ws/install/pub2/lib'
[15.310s] Level 1:colcon.colcon_core.environment:checking '/home/linux/ros2_ws/install/pub2/bin'
[15.311s] Level 1:colcon.colcon_core.environment:checking '/home/linux/ros2_ws/install/pub2/lib/pkgconfig/pub2.pc'
[15.311s] Level 1:colcon.colcon_core.environment:checking '/home/linux/ros2_ws/install/pub2/lib/python3.8/site-packages'
[15.311s] Level 1:colcon.colcon_core.environment:checking '/home/linux/ros2_ws/install/pub2/bin'
[15.311s] INFO:colcon.colcon_core.shell:Creating package script '/home/linux/ros2_ws/install/pub2/share/pub2/package.ps1'
[15.312s] INFO:colcon.colcon_core.shell:Creating package descriptor '/home/linux/ros2_ws/install/pub2/share/pub2/package.dsv'
[15.313s] INFO:colcon.colcon_core.shell:Creating package script '/home/linux/ros2_ws/install/pub2/share/pub2/package.sh'
[15.313s] INFO:colcon.colcon_core.shell:Creating package script '/home/linux/ros2_ws/install/pub2/share/pub2/package.bash'
[15.314s] INFO:colcon.colcon_core.shell:Creating package script '/home/linux/ros2_ws/install/pub2/share/pub2/package.zsh'
[15.314s] Level 1:colcon.colcon_core.environment:create_file_with_runtime_dependencies(/home/linux/ros2_ws/install/pub2/share/colcon-core/packages/pub2)
[15.314s] DEBUG:colcon.colcon_parallel_executor.executor.parallel:closing loop
[15.315s] DEBUG:colcon.colcon_parallel_executor.executor.parallel:loop closed
[15.315s] DEBUG:colcon.colcon_parallel_executor.executor.parallel:run_until_complete finished with '0'
[15.315s] DEBUG:colcon.colcon_core.event_reactor:joining thread
[15.412s] INFO:colcon.colcon_core.plugin_system:Skipping extension 'colcon_notification.desktop_notification.notify_send': Could not find 'notify-send'
[15.412s] INFO:colcon.colcon_core.plugin_system:Skipping extension 'colcon_notification.desktop_notification.terminal_notifier': Not used on non-Darwin systems
[15.412s] INFO:colcon.colcon_core.plugin_system:Skipping extension 'colcon_notification.desktop_notification.win32': Not used on non-Windows systems
[15.412s] INFO:colcon.colcon_notification.desktop_notification:Sending desktop notification using 'notify2'
[15.428s] DEBUG:colcon.colcon_notification.desktop_notification.notify2:Failed to initialize notify2: org.freedesktop.DBus.Error.ServiceUnknown: The name org.freedesktop.Notifications was not provided by any .service files
[15.428s] DEBUG:colcon.colcon_core.event_reactor:joined thread
[15.429s] INFO:colcon.colcon_core.shell:Creating prefix script '/home/linux/ros2_ws/install/local_setup.ps1'
[15.433s] INFO:colcon.colcon_core.shell:Creating prefix util module '/home/linux/ros2_ws/install/_local_setup_util_ps1.py'
[15.435s] INFO:colcon.colcon_core.shell:Creating prefix chain script '/home/linux/ros2_ws/install/setup.ps1'
[15.437s] INFO:colcon.colcon_core.shell:Creating prefix script '/home/linux/ros2_ws/install/local_setup.sh'
[15.439s] INFO:colcon.colcon_core.shell:Creating prefix util module '/home/linux/ros2_ws/install/_local_setup_util_sh.py'
[15.439s] INFO:colcon.colcon_core.shell:Creating prefix chain script '/home/linux/ros2_ws/install/setup.sh'
[15.441s] INFO:colcon.colcon_core.shell:Creating prefix script '/home/linux/ros2_ws/install/local_setup.bash'
[15.442s] INFO:colcon.colcon_core.shell:Creating prefix chain script '/home/linux/ros2_ws/install/setup.bash'
[15.444s] INFO:colcon.colcon_core.shell:Creating prefix script '/home/linux/ros2_ws/install/local_setup.zsh'
[15.446s] INFO:colcon.colcon_core.shell:Creating prefix chain script '/home/linux/ros2_ws/install/setup.zsh'
