[0.019s] Invoking command in '/home/linux/ros2_ws/build/pub1_3': CMAKE_PREFIX_PATH=${CMAKE_PREFIX_PATH}:/opt/ros/foxy /usr/bin/cmake --build /home/linux/ros2_ws/build/pub1_3 -- -j6 -l6
[0.085s] [100%] Built target pub1_3
[0.097s] Invoked command in '/home/linux/ros2_ws/build/pub1_3' returned '0': CMAKE_PREFIX_PATH=${CMAKE_PREFIX_PATH}:/opt/ros/foxy /usr/bin/cmake --build /home/linux/ros2_ws/build/pub1_3 -- -j6 -l6
[0.114s] Invoking command in '/home/linux/ros2_ws/build/pub1_3': CMAKE_PREFIX_PATH=${CMAKE_PREFIX_PATH}:/opt/ros/foxy /usr/bin/cmake --install /home/linux/ros2_ws/build/pub1_3
[0.123s] -- Install configuration: ""
[0.124s] -- Execute custom install script
[0.124s] -- Up-to-date symlink: /home/linux/ros2_ws/install/pub1_3/lib/pub1_3/pub1_3
[0.125s] -- Up-to-date symlink: /home/linux/ros2_ws/install/pub1_3/share/ament_index/resource_index/package_run_dependencies/pub1_3
[0.125s] -- Up-to-date symlink: /home/linux/ros2_ws/install/pub1_3/share/ament_index/resource_index/parent_prefix_path/pub1_3
[0.125s] -- Up-to-date symlink: /home/linux/ros2_ws/install/pub1_3/share/pub1_3/environment/ament_prefix_path.sh
[0.126s] -- Up-to-date symlink: /home/linux/ros2_ws/install/pub1_3/share/pub1_3/environment/ament_prefix_path.dsv
[0.126s] -- Up-to-date symlink: /home/linux/ros2_ws/install/pub1_3/share/pub1_3/environment/path.sh
[0.126s] -- Up-to-date symlink: /home/linux/ros2_ws/install/pub1_3/share/pub1_3/environment/path.dsv
[0.127s] -- Up-to-date symlink: /home/linux/ros2_ws/install/pub1_3/share/pub1_3/local_setup.bash
[0.127s] -- Up-to-date symlink: /home/linux/ros2_ws/install/pub1_3/share/pub1_3/local_setup.sh
[0.127s] -- Up-to-date symlink: /home/linux/ros2_ws/install/pub1_3/share/pub1_3/local_setup.zsh
[0.127s] -- Up-to-date symlink: /home/linux/ros2_ws/install/pub1_3/share/pub1_3/local_setup.dsv
[0.128s] -- Symlinking: /home/linux/ros2_ws/install/pub1_3/share/pub1_3/package.dsv
[0.138s] -- Up-to-date symlink: /home/linux/ros2_ws/install/pub1_3/share/ament_index/resource_index/packages/pub1_3
[0.139s] -- Up-to-date symlink: /home/linux/ros2_ws/install/pub1_3/share/pub1_3/cmake/pub1_3Config.cmake
[0.139s] -- Up-to-date symlink: /home/linux/ros2_ws/install/pub1_3/share/pub1_3/cmake/pub1_3Config-version.cmake
[0.139s] -- Up-to-date symlink: /home/linux/ros2_ws/install/pub1_3/share/pub1_3/package.xml
[0.142s] Invoked command in '/home/linux/ros2_ws/build/pub1_3' returned '0': CMAKE_PREFIX_PATH=${CMAKE_PREFIX_PATH}:/opt/ros/foxy /usr/bin/cmake --install /home/linux/ros2_ws/build/pub1_3
