[0.018s] Invoking command in '/home/linux/ros2_ws/build/pub1': CMAKE_PREFIX_PATH=/opt/ros/foxy /usr/bin/cmake /home/linux/ros2_ws/src/pub1 -DAMENT_CMAKE_SYMLINK_INSTALL=1 -DCMAKE_INSTALL_PREFIX=/home/linux/ros2_ws/install/pub1
[0.433s] -- The C compiler identification is GNU 9.4.0
[0.968s] -- The CXX compiler identification is GNU 9.4.0
[1.219s] -- Check for working C compiler: /usr/bin/cc
[1.474s] -- Check for working C compiler: /usr/bin/cc -- works
[1.476s] -- Detecting C compiler ABI info
[1.729s] -- Detecting C compiler ABI info - done
[1.744s] -- Detecting C compile features
[1.744s] -- Detecting C compile features - done
[1.749s] -- Check for working CXX compiler: /usr/bin/c++
[2.050s] -- Check for working CXX compiler: /usr/bin/c++ -- works
[2.051s] -- Detecting CXX compiler ABI info
[2.325s] -- Detecting CXX compiler ABI info - done
[2.340s] -- Detecting CXX compile features
[2.342s] -- Detecting CXX compile features - done
[2.361s] -- Found ament_cmake: 0.9.12 (/opt/ros/foxy/share/ament_cmake/cmake)
[2.402s] -- Found PythonInterp: /usr/bin/python3 (found suitable version "3.8.10", minimum required is "3") 
[2.402s] -- Using PYTHON_EXECUTABLE: /usr/bin/python3
[2.637s] -- Override CMake install command with custom implementation using symlinks instead of copying resources
[2.693s] -- Found rclcpp: 2.4.3 (/opt/ros/foxy/share/rclcpp/cmake)
[2.992s] -- Using all available rosidl_typesupport_c: rosidl_typesupport_fastrtps_c;rosidl_typesupport_introspection_c
[3.009s] -- Found rosidl_adapter: 1.3.1 (/opt/ros/foxy/share/rosidl_adapter/cmake)
[4.628s] -- Found OpenSSL: /usr/lib/x86_64-linux-gnu/libcrypto.so (found version "1.1.1f")  
[6.477s] -- Found FastRTPS: /opt/ros/foxy/include  
[9.502s] -- Using all available rosidl_typesupport_cpp: rosidl_typesupport_fastrtps_cpp;rosidl_typesupport_introspection_cpp
[9.595s] -- Found rmw_implementation_cmake: 1.0.4 (/opt/ros/foxy/share/rmw_implementation_cmake/cmake)
[9.599s] -- Using RMW implementation 'rmw_fastrtps_cpp' as default
[9.602s] -- Looking for pthread.h
[9.830s] -- Looking for pthread.h - found
[9.830s] -- Performing Test CMAKE_HAVE_LIBC_PTHREAD
[10.104s] -- Performing Test CMAKE_HAVE_LIBC_PTHREAD - Failed
[10.104s] -- Looking for pthread_create in pthreads
[10.345s] -- Looking for pthread_create in pthreads - not found
[10.345s] -- Looking for pthread_create in pthread
[10.610s] -- Looking for pthread_create in pthread - found
[10.611s] -- Found Threads: TRUE  
[10.850s] -- Found ament_lint_auto: 0.9.8 (/opt/ros/foxy/share/ament_lint_auto/cmake)
[10.973s] -- Added test 'copyright' to check source files copyright and LICENSE
[10.975s] -- Added test 'cppcheck' to perform static code analysis on C / C++ code
[10.975s] -- Configured cppcheck include dirs: 
[10.976s] -- Configured cppcheck exclude dirs and/or files: 
[10.977s] -- Added test 'cpplint' to check C / C++ code against the Google style
[10.978s] -- Configured cpplint exclude dirs and/or files: 
[10.980s] -- Added test 'lint_cmake' to check CMake code style
[10.982s] -- Added test 'uncrustify' to check C / C++ code style
[10.982s] -- Configured uncrustify additional arguments: 
[10.984s] -- Added test 'xmllint' to check XML markup files
[10.990s] -- Configuring done
[11.002s] -- Generating done
[11.008s] -- Build files have been written to: /home/linux/ros2_ws/build/pub1
[11.020s] Invoked command in '/home/linux/ros2_ws/build/pub1' returned '0': CMAKE_PREFIX_PATH=/opt/ros/foxy /usr/bin/cmake /home/linux/ros2_ws/src/pub1 -DAMENT_CMAKE_SYMLINK_INSTALL=1 -DCMAKE_INSTALL_PREFIX=/home/linux/ros2_ws/install/pub1
[11.025s] Invoking command in '/home/linux/ros2_ws/build/pub1': CMAKE_PREFIX_PATH=/opt/ros/foxy /usr/bin/cmake --build /home/linux/ros2_ws/build/pub1 -- -j6 -l6
[11.079s] [35m[1mScanning dependencies of target pub1[0m
[11.126s] [ 50%] [32mBuilding CXX object CMakeFiles/pub1.dir/src/pub1.cpp.o[0m
[14.715s] [100%] [32m[1mLinking CXX executable pub1[0m
[15.165s] [100%] Built target pub1
[15.180s] Invoked command in '/home/linux/ros2_ws/build/pub1' returned '0': CMAKE_PREFIX_PATH=/opt/ros/foxy /usr/bin/cmake --build /home/linux/ros2_ws/build/pub1 -- -j6 -l6
[15.199s] Invoking command in '/home/linux/ros2_ws/build/pub1': CMAKE_PREFIX_PATH=/opt/ros/foxy /usr/bin/cmake --install /home/linux/ros2_ws/build/pub1
[15.209s] -- Install configuration: ""
[15.210s] -- Execute custom install script
[15.212s] -- Symlinking: /home/linux/ros2_ws/install/pub1/lib/pub1/pub1
[15.225s] -- Symlinking: /home/linux/ros2_ws/install/pub1/share/ament_index/resource_index/package_run_dependencies/pub1
[15.235s] -- Symlinking: /home/linux/ros2_ws/install/pub1/share/ament_index/resource_index/parent_prefix_path/pub1
[15.248s] -- Symlinking: /home/linux/ros2_ws/install/pub1/share/pub1/environment/ament_prefix_path.sh
[15.260s] -- Symlinking: /home/linux/ros2_ws/install/pub1/share/pub1/environment/ament_prefix_path.dsv
[15.273s] -- Symlinking: /home/linux/ros2_ws/install/pub1/share/pub1/environment/path.sh
[15.285s] -- Symlinking: /home/linux/ros2_ws/install/pub1/share/pub1/environment/path.dsv
[15.298s] -- Symlinking: /home/linux/ros2_ws/install/pub1/share/pub1/local_setup.bash
[15.311s] -- Symlinking: /home/linux/ros2_ws/install/pub1/share/pub1/local_setup.sh
[15.323s] -- Symlinking: /home/linux/ros2_ws/install/pub1/share/pub1/local_setup.zsh
[15.334s] -- Symlinking: /home/linux/ros2_ws/install/pub1/share/pub1/local_setup.dsv
[15.345s] -- Symlinking: /home/linux/ros2_ws/install/pub1/share/pub1/package.dsv
[15.358s] -- Symlinking: /home/linux/ros2_ws/install/pub1/share/ament_index/resource_index/packages/pub1
[15.369s] -- Symlinking: /home/linux/ros2_ws/install/pub1/share/pub1/cmake/pub1Config.cmake
[15.381s] -- Symlinking: /home/linux/ros2_ws/install/pub1/share/pub1/cmake/pub1Config-version.cmake
[15.393s] -- Symlinking: /home/linux/ros2_ws/install/pub1/share/pub1/package.xml
[15.408s] Invoked command in '/home/linux/ros2_ws/build/pub1' returned '0': CMAKE_PREFIX_PATH=/opt/ros/foxy /usr/bin/cmake --install /home/linux/ros2_ws/build/pub1
