[0.016s] Invoking command in '/home/linux/ros2_ws/build/pub1_3': CMAKE_PREFIX_PATH=${CMAKE_PREFIX_PATH}:/opt/ros/foxy /usr/bin/cmake /home/linux/ros2_ws/src/pub1_3 -DAMENT_CMAKE_SYMLINK_INSTALL=1 -DCMAKE_INSTALL_PREFIX=/home/linux/ros2_ws/install/pub1_3
[0.343s] -- The C compiler identification is GNU 9.4.0
[0.796s] -- The CXX compiler identification is GNU 9.4.0
[1.014s] -- Check for working C compiler: /usr/bin/cc
[1.266s] -- Check for working C compiler: /usr/bin/cc -- works
[1.266s] -- Detecting C compiler ABI info
[1.510s] -- Detecting C compiler ABI info - done
[1.522s] -- Detecting C compile features
[1.522s] -- Detecting C compile features - done
[1.526s] -- Check for working CXX compiler: /usr/bin/c++
[1.784s] -- Check for working CXX compiler: /usr/bin/c++ -- works
[1.785s] -- Detecting CXX compiler ABI info
[2.027s] -- Detecting CXX compiler ABI info - done
[2.040s] -- Detecting CXX compile features
[2.040s] -- Detecting CXX compile features - done
[2.043s] -- Found ament_cmake: 0.9.12 (/opt/ros/foxy/share/ament_cmake/cmake)
[2.068s] -- Found PythonInterp: /usr/bin/python3 (found suitable version "3.8.10", minimum required is "3") 
[2.068s] -- Using PYTHON_EXECUTABLE: /usr/bin/python3
[2.251s] -- Override CMake install command with custom implementation using symlinks instead of copying resources
[2.279s] -- Found rclcpp: 2.4.3 (/opt/ros/foxy/share/rclcpp/cmake)
[2.535s] -- Using all available rosidl_typesupport_c: rosidl_typesupport_fastrtps_c;rosidl_typesupport_introspection_c
[2.543s] -- Found rosidl_adapter: 1.3.1 (/opt/ros/foxy/share/rosidl_adapter/cmake)
[4.238s] -- Found OpenSSL: /usr/lib/x86_64-linux-gnu/libcrypto.so (found version "1.1.1f")  
[6.059s] -- Found FastRTPS: /opt/ros/foxy/include  
[9.212s] -- Using all available rosidl_typesupport_cpp: rosidl_typesupport_fastrtps_cpp;rosidl_typesupport_introspection_cpp
[9.276s] -- Found rmw_implementation_cmake: 1.0.4 (/opt/ros/foxy/share/rmw_implementation_cmake/cmake)
[9.278s] -- Using RMW implementation 'rmw_fastrtps_cpp' as default
[9.279s] -- Looking for pthread.h
[9.543s] -- Looking for pthread.h - found
[9.543s] -- Performing Test CMAKE_HAVE_LIBC_PTHREAD
[9.801s] -- Performing Test CMAKE_HAVE_LIBC_PTHREAD - Failed
[9.802s] -- Looking for pthread_create in pthreads
[10.038s] -- Looking for pthread_create in pthreads - not found
[10.038s] -- Looking for pthread_create in pthread
[10.287s] -- Looking for pthread_create in pthread - found
[10.288s] -- Found Threads: TRUE  
[10.454s] -- Found ament_lint_auto: 0.9.8 (/opt/ros/foxy/share/ament_lint_auto/cmake)
[10.534s] CMake Error at /opt/ros/foxy/share/ament_cmake_target_dependencies/cmake/ament_target_dependencies.cmake:77 (message):
[10.535s]   ament_target_dependencies() the passed package name 'geometry_msgs' was not
[10.535s]   found before
[10.535s] Call Stack (most recent call first):
[10.535s]   CMakeLists.txt:35 (ament_target_dependencies)
[10.535s] 
[10.535s] 
[10.537s] -- Configuring incomplete, errors occurred!
[10.537s] See also "/home/linux/ros2_ws/build/pub1_3/CMakeFiles/CMakeOutput.log".
[10.537s] See also "/home/linux/ros2_ws/build/pub1_3/CMakeFiles/CMakeError.log".
[10.549s] Invoked command in '/home/linux/ros2_ws/build/pub1_3' returned '1': CMAKE_PREFIX_PATH=${CMAKE_PREFIX_PATH}:/opt/ros/foxy /usr/bin/cmake /home/linux/ros2_ws/src/pub1_3 -DAMENT_CMAKE_SYMLINK_INSTALL=1 -DCMAKE_INSTALL_PREFIX=/home/linux/ros2_ws/install/pub1_3
