[0.020s] Invoking command in '/home/linux/ros2_ws/build/pub1_1': CMAKE_PREFIX_PATH=${CMAKE_PREFIX_PATH}:/opt/ros/foxy /usr/bin/cmake /home/linux/ros2_ws/src/pub1_1 -DAMENT_CMAKE_SYMLINK_INSTALL=1 -DCMAKE_INSTALL_PREFIX=/home/linux/ros2_ws/install/pub1_1
[0.038s] -- Found ament_cmake: 0.9.12 (/opt/ros/foxy/share/ament_cmake/cmake)
[0.066s] -- Using PYTHON_EXECUTABLE: /usr/bin/python3
[0.277s] -- Override CMake install command with custom implementation using symlinks instead of copying resources
[0.287s] -- Found rclcpp: 2.4.3 (/opt/ros/foxy/share/rclcpp/cmake)
[0.577s] -- Using all available rosidl_typesupport_c: rosidl_typesupport_fastrtps_c;rosidl_typesupport_introspection_c
[0.583s] -- Found rosidl_adapter: 1.3.1 (/opt/ros/foxy/share/rosidl_adapter/cmake)
[6.112s] -- Using all available rosidl_typesupport_cpp: rosidl_typesupport_fastrtps_cpp;rosidl_typesupport_introspection_cpp
[6.169s] -- Found rmw_implementation_cmake: 1.0.4 (/opt/ros/foxy/share/rmw_implementation_cmake/cmake)
[6.170s] -- Using RMW implementation 'rmw_fastrtps_cpp' as default
[6.324s] -- Found ament_lint_auto: 0.9.8 (/opt/ros/foxy/share/ament_lint_auto/cmake)
[6.397s] -- Added test 'copyright' to check source files copyright and LICENSE
[6.397s] -- Added test 'cppcheck' to perform static code analysis on C / C++ code
[6.398s] -- Configured cppcheck include dirs: 
[6.398s] -- Configured cppcheck exclude dirs and/or files: 
[6.398s] -- Added test 'cpplint' to check C / C++ code against the Google style
[6.398s] -- Configured cpplint exclude dirs and/or files: 
[6.399s] -- Added test 'lint_cmake' to check CMake code style
[6.400s] -- Added test 'uncrustify' to check C / C++ code style
[6.400s] -- Configured uncrustify additional arguments: 
[6.400s] -- Added test 'xmllint' to check XML markup files
[6.403s] -- Configuring done
[6.412s] -- Generating done
[6.416s] -- Build files have been written to: /home/linux/ros2_ws/build/pub1_1
[6.423s] Invoked command in '/home/linux/ros2_ws/build/pub1_1' returned '0': CMAKE_PREFIX_PATH=${CMAKE_PREFIX_PATH}:/opt/ros/foxy /usr/bin/cmake /home/linux/ros2_ws/src/pub1_1 -DAMENT_CMAKE_SYMLINK_INSTALL=1 -DCMAKE_INSTALL_PREFIX=/home/linux/ros2_ws/install/pub1_1
[6.427s] Invoking command in '/home/linux/ros2_ws/build/pub1_1': CMAKE_PREFIX_PATH=${CMAKE_PREFIX_PATH}:/opt/ros/foxy /usr/bin/cmake --build /home/linux/ros2_ws/build/pub1_1 -- -j6 -l6
[6.474s] [35m[1mScanning dependencies of target pub1_1[0m
[6.516s] [ 50%] [32mBuilding CXX object CMakeFiles/pub1_1.dir/src/pub1_1.cpp.o[0m
[9.616s] [100%] [32m[1mLinking CXX executable pub1_1[0m
[9.949s] [100%] Built target pub1_1
[9.966s] Invoked command in '/home/linux/ros2_ws/build/pub1_1' returned '0': CMAKE_PREFIX_PATH=${CMAKE_PREFIX_PATH}:/opt/ros/foxy /usr/bin/cmake --build /home/linux/ros2_ws/build/pub1_1 -- -j6 -l6
[9.983s] Invoking command in '/home/linux/ros2_ws/build/pub1_1': CMAKE_PREFIX_PATH=${CMAKE_PREFIX_PATH}:/opt/ros/foxy /usr/bin/cmake --install /home/linux/ros2_ws/build/pub1_1
[9.991s] -- Install configuration: ""
[9.992s] -- Execute custom install script
[9.993s] -- Symlinking: /home/linux/ros2_ws/install/pub1_1/lib/pub1_1/pub1_1
[10.003s] -- Symlinking: /home/linux/ros2_ws/install/pub1_1/share/ament_index/resource_index/package_run_dependencies/pub1_1
[10.014s] -- Symlinking: /home/linux/ros2_ws/install/pub1_1/share/ament_index/resource_index/parent_prefix_path/pub1_1
[10.025s] -- Symlinking: /home/linux/ros2_ws/install/pub1_1/share/pub1_1/environment/ament_prefix_path.sh
[10.035s] -- Symlinking: /home/linux/ros2_ws/install/pub1_1/share/pub1_1/environment/ament_prefix_path.dsv
[10.045s] -- Symlinking: /home/linux/ros2_ws/install/pub1_1/share/pub1_1/environment/path.sh
[10.056s] -- Symlinking: /home/linux/ros2_ws/install/pub1_1/share/pub1_1/environment/path.dsv
[10.068s] -- Symlinking: /home/linux/ros2_ws/install/pub1_1/share/pub1_1/local_setup.bash
[10.079s] -- Symlinking: /home/linux/ros2_ws/install/pub1_1/share/pub1_1/local_setup.sh
[10.090s] -- Symlinking: /home/linux/ros2_ws/install/pub1_1/share/pub1_1/local_setup.zsh
[10.100s] -- Symlinking: /home/linux/ros2_ws/install/pub1_1/share/pub1_1/local_setup.dsv
[10.110s] -- Symlinking: /home/linux/ros2_ws/install/pub1_1/share/pub1_1/package.dsv
[10.121s] -- Symlinking: /home/linux/ros2_ws/install/pub1_1/share/ament_index/resource_index/packages/pub1_1
[10.132s] -- Symlinking: /home/linux/ros2_ws/install/pub1_1/share/pub1_1/cmake/pub1_1Config.cmake
[10.142s] -- Symlinking: /home/linux/ros2_ws/install/pub1_1/share/pub1_1/cmake/pub1_1Config-version.cmake
[10.153s] -- Symlinking: /home/linux/ros2_ws/install/pub1_1/share/pub1_1/package.xml
[10.168s] Invoked command in '/home/linux/ros2_ws/build/pub1_1' returned '0': CMAKE_PREFIX_PATH=${CMAKE_PREFIX_PATH}:/opt/ros/foxy /usr/bin/cmake --install /home/linux/ros2_ws/build/pub1_1
