[0.015s] Invoking command in '/home/linux/ros2_ws/build/pub2_1': CMAKE_PREFIX_PATH=${CMAKE_PREFIX_PATH}:/opt/ros/foxy /usr/bin/cmake --build /home/linux/ros2_ws/build/pub2_1 -- -j6 -l6
[0.080s] [100%] Built target pub2_1
[0.092s] Invoked command in '/home/linux/ros2_ws/build/pub2_1' returned '0': CMAKE_PREFIX_PATH=${CMAKE_PREFIX_PATH}:/opt/ros/foxy /usr/bin/cmake --build /home/linux/ros2_ws/build/pub2_1 -- -j6 -l6
[0.108s] Invoking command in '/home/linux/ros2_ws/build/pub2_1': CMAKE_PREFIX_PATH=${CMAKE_PREFIX_PATH}:/opt/ros/foxy /usr/bin/cmake --install /home/linux/ros2_ws/build/pub2_1
[0.115s] -- Install configuration: ""
[0.115s] -- Execute custom install script
[0.116s] -- Up-to-date symlink: /home/linux/ros2_ws/install/pub2_1/lib/pub2_1/pub2_1
[0.116s] -- Up-to-date symlink: /home/linux/ros2_ws/install/pub2_1/share/ament_index/resource_index/package_run_dependencies/pub2_1
[0.116s] -- Up-to-date symlink: /home/linux/ros2_ws/install/pub2_1/share/ament_index/resource_index/parent_prefix_path/pub2_1
[0.117s] -- Up-to-date symlink: /home/linux/ros2_ws/install/pub2_1/share/pub2_1/environment/ament_prefix_path.sh
[0.117s] -- Up-to-date symlink: /home/linux/ros2_ws/install/pub2_1/share/pub2_1/environment/ament_prefix_path.dsv
[0.117s] -- Up-to-date symlink: /home/linux/ros2_ws/install/pub2_1/share/pub2_1/environment/path.sh
[0.118s] -- Up-to-date symlink: /home/linux/ros2_ws/install/pub2_1/share/pub2_1/environment/path.dsv
[0.118s] -- Up-to-date symlink: /home/linux/ros2_ws/install/pub2_1/share/pub2_1/local_setup.bash
[0.118s] -- Up-to-date symlink: /home/linux/ros2_ws/install/pub2_1/share/pub2_1/local_setup.sh
[0.119s] -- Up-to-date symlink: /home/linux/ros2_ws/install/pub2_1/share/pub2_1/local_setup.zsh
[0.119s] -- Up-to-date symlink: /home/linux/ros2_ws/install/pub2_1/share/pub2_1/local_setup.dsv
[0.119s] -- Symlinking: /home/linux/ros2_ws/install/pub2_1/share/pub2_1/package.dsv
[0.130s] -- Up-to-date symlink: /home/linux/ros2_ws/install/pub2_1/share/ament_index/resource_index/packages/pub2_1
[0.130s] -- Up-to-date symlink: /home/linux/ros2_ws/install/pub2_1/share/pub2_1/cmake/pub2_1Config.cmake
[0.130s] -- Up-to-date symlink: /home/linux/ros2_ws/install/pub2_1/share/pub2_1/cmake/pub2_1Config-version.cmake
[0.131s] -- Up-to-date symlink: /home/linux/ros2_ws/install/pub2_1/share/pub2_1/package.xml
[0.134s] Invoked command in '/home/linux/ros2_ws/build/pub2_1' returned '0': CMAKE_PREFIX_PATH=${CMAKE_PREFIX_PATH}:/opt/ros/foxy /usr/bin/cmake --install /home/linux/ros2_ws/build/pub2_1
