-- Found ament_cmake: 0.9.12 (/opt/ros/foxy/share/ament_cmake/cmake)
-- Using PYTHON_EXECUTABLE: /usr/bin/python3
-- Override CMake install command with custom implementation using symlinks instead of copying resources
-- Found rclcpp: 2.4.3 (/opt/ros/foxy/share/rclcpp/cmake)
-- Using all available rosidl_typesupport_c: rosidl_typesupport_fastrtps_c;rosidl_typesupport_introspection_c
-- Found rosidl_adapter: 1.3.1 (/opt/ros/foxy/share/rosidl_adapter/cmake)
-- Using all available rosidl_typesupport_cpp: rosidl_typesupport_fastrtps_cpp;rosidl_typesupport_introspection_cpp
-- Found rmw_implementation_cmake: 1.0.4 (/opt/ros/foxy/share/rmw_implementation_cmake/cmake)
-- Using RMW implementation 'rmw_fastrtps_cpp' as default
-- Found geometry_msgs: 2.0.5 (/opt/ros/foxy/share/geometry_msgs/cmake)
-- Found ament_lint_auto: 0.9.8 (/opt/ros/foxy/share/ament_lint_auto/cmake)
-- Added test 'copyright' to check source files copyright and LICENSE
-- Added test 'cppcheck' to perform static code analysis on C / C++ code
-- Configured cppcheck include dirs: 
-- Configured cppcheck exclude dirs and/or files: 
-- Added test 'cpplint' to check C / C++ code against the Google style
-- Configured cpplint exclude dirs and/or files: 
-- Added test 'lint_cmake' to check CMake code style
-- Added test 'uncrustify' to check C / C++ code style
-- Configured uncrustify additional arguments: 
-- Added test 'xmllint' to check XML markup files
-- Configuring done
-- Generating done
-- Build files have been written to: /home/linux/ros2_ws/build/pub1_3
[35m[1mScanning dependencies of target pub1_3[0m
[ 50%] [32mBuilding CXX object CMakeFiles/pub1_3.dir/src/pub1_3.cpp.o[0m
[100%] [32m[1mLinking CXX executable pub1_3[0m
[100%] Built target pub1_3
-- Install configuration: ""
-- Execute custom install script
-- Symlinking: /home/linux/ros2_ws/install/pub1_3/lib/pub1_3/pub1_3
-- Symlinking: /home/linux/ros2_ws/install/pub1_3/share/ament_index/resource_index/package_run_dependencies/pub1_3
-- Symlinking: /home/linux/ros2_ws/install/pub1_3/share/ament_index/resource_index/parent_prefix_path/pub1_3
-- Symlinking: /home/linux/ros2_ws/install/pub1_3/share/pub1_3/environment/ament_prefix_path.sh
-- Symlinking: /home/linux/ros2_ws/install/pub1_3/share/pub1_3/environment/ament_prefix_path.dsv
-- Symlinking: /home/linux/ros2_ws/install/pub1_3/share/pub1_3/environment/path.sh
-- Symlinking: /home/linux/ros2_ws/install/pub1_3/share/pub1_3/environment/path.dsv
-- Symlinking: /home/linux/ros2_ws/install/pub1_3/share/pub1_3/local_setup.bash
-- Symlinking: /home/linux/ros2_ws/install/pub1_3/share/pub1_3/local_setup.sh
-- Symlinking: /home/linux/ros2_ws/install/pub1_3/share/pub1_3/local_setup.zsh
-- Symlinking: /home/linux/ros2_ws/install/pub1_3/share/pub1_3/local_setup.dsv
-- Symlinking: /home/linux/ros2_ws/install/pub1_3/share/pub1_3/package.dsv
-- Symlinking: /home/linux/ros2_ws/install/pub1_3/share/ament_index/resource_index/packages/pub1_3
-- Symlinking: /home/linux/ros2_ws/install/pub1_3/share/pub1_3/cmake/pub1_3Config.cmake
-- Symlinking: /home/linux/ros2_ws/install/pub1_3/share/pub1_3/cmake/pub1_3Config-version.cmake
-- Symlinking: /home/linux/ros2_ws/install/pub1_3/share/pub1_3/package.xml
