[0.021s] Invoking command in '/home/linux/ros2_ws/build/pub1_1': CMAKE_PREFIX_PATH=${CMAKE_PREFIX_PATH}:/opt/ros/foxy /usr/bin/cmake /home/linux/ros2_ws/src/pub1_1 -DAMENT_CMAKE_SYMLINK_INSTALL=1 -DCMAKE_INSTALL_PREFIX=/home/linux/ros2_ws/install/pub1_1
[0.365s] -- The C compiler identification is GNU 9.4.0
[0.867s] -- The CXX compiler identification is GNU 9.4.0
[1.134s] -- Check for working C compiler: /usr/bin/cc
[1.389s] -- Check for working C compiler: /usr/bin/cc -- works
[1.390s] -- Detecting C compiler ABI info
[1.651s] -- Detecting C compiler ABI info - done
[1.663s] -- Detecting C compile features
[1.663s] -- Detecting C compile features - done
[1.666s] -- Check for working CXX compiler: /usr/bin/c++
[1.941s] -- Check for working CXX compiler: /usr/bin/c++ -- works
[1.942s] -- Detecting CXX compiler ABI info
[2.209s] -- Detecting CXX compiler ABI info - done
[2.221s] -- Detecting CXX compile features
[2.222s] -- Detecting CXX compile features - done
[2.226s] -- Found ament_cmake: 0.9.12 (/opt/ros/foxy/share/ament_cmake/cmake)
[2.251s] -- Found PythonInterp: /usr/bin/python3 (found suitable version "3.8.10", minimum required is "3") 
[2.251s] -- Using PYTHON_EXECUTABLE: /usr/bin/python3
[2.444s] -- Override CMake install command with custom implementation using symlinks instead of copying resources
[2.468s] -- Found rclcpp: 2.4.3 (/opt/ros/foxy/share/rclcpp/cmake)
[2.735s] -- Using all available rosidl_typesupport_c: rosidl_typesupport_fastrtps_c;rosidl_typesupport_introspection_c
[2.743s] -- Found rosidl_adapter: 1.3.1 (/opt/ros/foxy/share/rosidl_adapter/cmake)
[4.455s] -- Found OpenSSL: /usr/lib/x86_64-linux-gnu/libcrypto.so (found version "1.1.1f")  
[6.294s] -- Found FastRTPS: /opt/ros/foxy/include  
[9.523s] -- Using all available rosidl_typesupport_cpp: rosidl_typesupport_fastrtps_cpp;rosidl_typesupport_introspection_cpp
[9.586s] -- Found rmw_implementation_cmake: 1.0.4 (/opt/ros/foxy/share/rmw_implementation_cmake/cmake)
[9.588s] -- Using RMW implementation 'rmw_fastrtps_cpp' as default
[9.589s] -- Looking for pthread.h
[9.854s] -- Looking for pthread.h - found
[9.854s] -- Performing Test CMAKE_HAVE_LIBC_PTHREAD
[10.143s] -- Performing Test CMAKE_HAVE_LIBC_PTHREAD - Failed
[10.143s] -- Looking for pthread_create in pthreads
[10.407s] -- Looking for pthread_create in pthreads - not found
[10.408s] -- Looking for pthread_create in pthread
[10.657s] -- Looking for pthread_create in pthread - found
[10.660s] -- Found Threads: TRUE  
[10.832s] -- Found ament_lint_auto: 0.9.8 (/opt/ros/foxy/share/ament_lint_auto/cmake)
[10.923s] -- Added test 'copyright' to check source files copyright and LICENSE
[10.924s] -- Added test 'cppcheck' to perform static code analysis on C / C++ code
[10.925s] -- Configured cppcheck include dirs: 
[10.925s] -- Configured cppcheck exclude dirs and/or files: 
[10.926s] -- Added test 'cpplint' to check C / C++ code against the Google style
[10.926s] -- Configured cpplint exclude dirs and/or files: 
[10.927s] -- Added test 'lint_cmake' to check CMake code style
[10.928s] -- Added test 'uncrustify' to check C / C++ code style
[10.928s] -- Configured uncrustify additional arguments: 
[10.929s] -- Added test 'xmllint' to check XML markup files
[10.933s] -- Configuring done
[10.944s] -- Generating done
[10.948s] -- Build files have been written to: /home/linux/ros2_ws/build/pub1_1
[10.962s] Invoked command in '/home/linux/ros2_ws/build/pub1_1' returned '0': CMAKE_PREFIX_PATH=${CMAKE_PREFIX_PATH}:/opt/ros/foxy /usr/bin/cmake /home/linux/ros2_ws/src/pub1_1 -DAMENT_CMAKE_SYMLINK_INSTALL=1 -DCMAKE_INSTALL_PREFIX=/home/linux/ros2_ws/install/pub1_1
[10.965s] Invoking command in '/home/linux/ros2_ws/build/pub1_1': CMAKE_PREFIX_PATH=${CMAKE_PREFIX_PATH}:/opt/ros/foxy /usr/bin/cmake --build /home/linux/ros2_ws/build/pub1_1 -- -j6 -l6
[11.008s] [35m[1mScanning dependencies of target pub1_1[0m
[11.050s] [ 50%] [32mBuilding CXX object CMakeFiles/pub1_1.dir/src/pub1_1.cpp.o[0m
[14.053s] [100%] [32m[1mLinking CXX executable pub1_1[0m
[14.429s] [100%] Built target pub1_1
[14.442s] Invoked command in '/home/linux/ros2_ws/build/pub1_1' returned '0': CMAKE_PREFIX_PATH=${CMAKE_PREFIX_PATH}:/opt/ros/foxy /usr/bin/cmake --build /home/linux/ros2_ws/build/pub1_1 -- -j6 -l6
[14.456s] Invoking command in '/home/linux/ros2_ws/build/pub1_1': CMAKE_PREFIX_PATH=${CMAKE_PREFIX_PATH}:/opt/ros/foxy /usr/bin/cmake --install /home/linux/ros2_ws/build/pub1_1
[14.464s] -- Install configuration: ""
[14.465s] -- Execute custom install script
[14.466s] -- Symlinking: /home/linux/ros2_ws/install/pub1_1/lib/pub1_1/pub1_1
[14.477s] -- Symlinking: /home/linux/ros2_ws/install/pub1_1/share/ament_index/resource_index/package_run_dependencies/pub1_1
[14.488s] -- Symlinking: /home/linux/ros2_ws/install/pub1_1/share/ament_index/resource_index/parent_prefix_path/pub1_1
[14.498s] -- Symlinking: /home/linux/ros2_ws/install/pub1_1/share/pub1_1/environment/ament_prefix_path.sh
[14.508s] -- Symlinking: /home/linux/ros2_ws/install/pub1_1/share/pub1_1/environment/ament_prefix_path.dsv
[14.518s] -- Symlinking: /home/linux/ros2_ws/install/pub1_1/share/pub1_1/environment/path.sh
[14.528s] -- Symlinking: /home/linux/ros2_ws/install/pub1_1/share/pub1_1/environment/path.dsv
[14.538s] -- Symlinking: /home/linux/ros2_ws/install/pub1_1/share/pub1_1/local_setup.bash
[14.548s] -- Symlinking: /home/linux/ros2_ws/install/pub1_1/share/pub1_1/local_setup.sh
[14.559s] -- Symlinking: /home/linux/ros2_ws/install/pub1_1/share/pub1_1/local_setup.zsh
[14.571s] -- Symlinking: /home/linux/ros2_ws/install/pub1_1/share/pub1_1/local_setup.dsv
[14.585s] -- Symlinking: /home/linux/ros2_ws/install/pub1_1/share/pub1_1/package.dsv
[14.600s] -- Symlinking: /home/linux/ros2_ws/install/pub1_1/share/ament_index/resource_index/packages/pub1_1
[14.612s] -- Symlinking: /home/linux/ros2_ws/install/pub1_1/share/pub1_1/cmake/pub1_1Config.cmake
[14.622s] -- Symlinking: /home/linux/ros2_ws/install/pub1_1/share/pub1_1/cmake/pub1_1Config-version.cmake
[14.633s] -- Symlinking: /home/linux/ros2_ws/install/pub1_1/share/pub1_1/package.xml
[14.646s] Invoked command in '/home/linux/ros2_ws/build/pub1_1' returned '0': CMAKE_PREFIX_PATH=${CMAKE_PREFIX_PATH}:/opt/ros/foxy /usr/bin/cmake --install /home/linux/ros2_ws/build/pub1_1
