[0.023s] Invoking command in '/home/linux/ros2_ws/build/pub2': CMAKE_PREFIX_PATH=${CMAKE_PREFIX_PATH}:/opt/ros/foxy /usr/bin/cmake /home/linux/ros2_ws/src/pub2 -DAMENT_CMAKE_SYMLINK_INSTALL=1 -DCMAKE_INSTALL_PREFIX=/home/linux/ros2_ws/install/pub2
[0.448s] -- The C compiler identification is GNU 9.4.0
[1.003s] -- The CXX compiler identification is GNU 9.4.0
[1.273s] -- Check for working C compiler: /usr/bin/cc
[1.531s] -- Check for working C compiler: /usr/bin/cc -- works
[1.533s] -- Detecting C compiler ABI info
[1.800s] -- Detecting C compiler ABI info - done
[1.813s] -- Detecting C compile features
[1.814s] -- Detecting C compile features - done
[1.818s] -- Check for working CXX compiler: /usr/bin/c++
[2.081s] -- Check for working CXX compiler: /usr/bin/c++ -- works
[2.082s] -- Detecting CXX compiler ABI info
[2.348s] -- Detecting CXX compiler ABI info - done
[2.360s] -- Detecting CXX compile features
[2.360s] -- Detecting CXX compile features - done
[2.372s] -- Found ament_cmake: 0.9.12 (/opt/ros/foxy/share/ament_cmake/cmake)
[2.405s] -- Found PythonInterp: /usr/bin/python3 (found suitable version "3.8.10", minimum required is "3") 
[2.405s] -- Using PYTHON_EXECUTABLE: /usr/bin/python3
[2.590s] -- Override CMake install command with custom implementation using symlinks instead of copying resources
[2.658s] -- Found rclcpp: 2.4.3 (/opt/ros/foxy/share/rclcpp/cmake)
[2.956s] -- Using all available rosidl_typesupport_c: rosidl_typesupport_fastrtps_c;rosidl_typesupport_introspection_c
[2.970s] -- Found rosidl_adapter: 1.3.1 (/opt/ros/foxy/share/rosidl_adapter/cmake)
[4.606s] -- Found OpenSSL: /usr/lib/x86_64-linux-gnu/libcrypto.so (found version "1.1.1f")  
[6.167s] -- Found FastRTPS: /opt/ros/foxy/include  
[9.308s] -- Using all available rosidl_typesupport_cpp: rosidl_typesupport_fastrtps_cpp;rosidl_typesupport_introspection_cpp
[9.419s] -- Found rmw_implementation_cmake: 1.0.4 (/opt/ros/foxy/share/rmw_implementation_cmake/cmake)
[9.423s] -- Using RMW implementation 'rmw_fastrtps_cpp' as default
[9.426s] -- Looking for pthread.h
[9.681s] -- Looking for pthread.h - found
[9.681s] -- Performing Test CMAKE_HAVE_LIBC_PTHREAD
[9.932s] -- Performing Test CMAKE_HAVE_LIBC_PTHREAD - Failed
[9.932s] -- Looking for pthread_create in pthreads
[10.172s] -- Looking for pthread_create in pthreads - not found
[10.172s] -- Looking for pthread_create in pthread
[10.413s] -- Looking for pthread_create in pthread - found
[10.414s] -- Found Threads: TRUE  
[10.690s] -- Configuring done
[10.699s] -- Generating done
[10.704s] -- Build files have been written to: /home/linux/ros2_ws/build/pub2
[10.710s] Invoked command in '/home/linux/ros2_ws/build/pub2' returned '0': CMAKE_PREFIX_PATH=${CMAKE_PREFIX_PATH}:/opt/ros/foxy /usr/bin/cmake /home/linux/ros2_ws/src/pub2 -DAMENT_CMAKE_SYMLINK_INSTALL=1 -DCMAKE_INSTALL_PREFIX=/home/linux/ros2_ws/install/pub2
[10.715s] Invoking command in '/home/linux/ros2_ws/build/pub2': CMAKE_PREFIX_PATH=${CMAKE_PREFIX_PATH}:/opt/ros/foxy /usr/bin/cmake --build /home/linux/ros2_ws/build/pub2 -- -j6 -l6
[10.758s] [35m[1mScanning dependencies of target pub2[0m
[10.804s] [ 50%] [32mBuilding CXX object CMakeFiles/pub2.dir/src/pub.cpp.o[0m
[13.903s] [100%] [32m[1mLinking CXX executable pub2[0m
[14.303s] [100%] Built target pub2
[14.316s] Invoked command in '/home/linux/ros2_ws/build/pub2' returned '0': CMAKE_PREFIX_PATH=${CMAKE_PREFIX_PATH}:/opt/ros/foxy /usr/bin/cmake --build /home/linux/ros2_ws/build/pub2 -- -j6 -l6
[14.330s] Invoking command in '/home/linux/ros2_ws/build/pub2': CMAKE_PREFIX_PATH=${CMAKE_PREFIX_PATH}:/opt/ros/foxy /usr/bin/cmake --install /home/linux/ros2_ws/build/pub2
[14.337s] -- Install configuration: ""
[14.337s] -- Execute custom install script
[14.338s] -- Symlinking: /home/linux/ros2_ws/install/pub2/lib/pub2/pub2
[14.349s] -- Symlinking: /home/linux/ros2_ws/install/pub2/share/ament_index/resource_index/package_run_dependencies/pub2
[14.358s] -- Symlinking: /home/linux/ros2_ws/install/pub2/share/ament_index/resource_index/parent_prefix_path/pub2
[14.370s] -- Symlinking: /home/linux/ros2_ws/install/pub2/share/pub2/environment/ament_prefix_path.sh
[14.380s] -- Symlinking: /home/linux/ros2_ws/install/pub2/share/pub2/environment/ament_prefix_path.dsv
[14.389s] -- Symlinking: /home/linux/ros2_ws/install/pub2/share/pub2/environment/path.sh
[14.399s] -- Symlinking: /home/linux/ros2_ws/install/pub2/share/pub2/environment/path.dsv
[14.408s] -- Symlinking: /home/linux/ros2_ws/install/pub2/share/pub2/local_setup.bash
[14.418s] -- Symlinking: /home/linux/ros2_ws/install/pub2/share/pub2/local_setup.sh
[14.427s] -- Symlinking: /home/linux/ros2_ws/install/pub2/share/pub2/local_setup.zsh
[14.437s] -- Symlinking: /home/linux/ros2_ws/install/pub2/share/pub2/local_setup.dsv
[14.446s] -- Symlinking: /home/linux/ros2_ws/install/pub2/share/pub2/package.dsv
[14.456s] -- Symlinking: /home/linux/ros2_ws/install/pub2/share/ament_index/resource_index/packages/pub2
[14.467s] -- Symlinking: /home/linux/ros2_ws/install/pub2/share/pub2/cmake/pub2Config.cmake
[14.477s] -- Symlinking: /home/linux/ros2_ws/install/pub2/share/pub2/cmake/pub2Config-version.cmake
[14.487s] -- Symlinking: /home/linux/ros2_ws/install/pub2/share/pub2/package.xml
[14.498s] Invoked command in '/home/linux/ros2_ws/build/pub2' returned '0': CMAKE_PREFIX_PATH=${CMAKE_PREFIX_PATH}:/opt/ros/foxy /usr/bin/cmake --install /home/linux/ros2_ws/build/pub2
