[0.023s] Invoking command in '/home/linux/ros2_ws/build/pub2_3': CMAKE_PREFIX_PATH=${CMAKE_PREFIX_PATH}:/opt/ros/foxy /usr/bin/cmake /home/linux/ros2_ws/src/pub2_3 -DAMENT_CMAKE_SYMLINK_INSTALL=1 -DCMAKE_INSTALL_PREFIX=/home/linux/ros2_ws/install/pub2_3
[0.370s] -- The C compiler identification is GNU 9.4.0
[0.898s] -- The CXX compiler identification is GNU 9.4.0
[1.174s] -- Check for working C compiler: /usr/bin/cc
[1.439s] -- Check for working C compiler: /usr/bin/cc -- works
[1.440s] -- Detecting C compiler ABI info
[1.694s] -- Detecting C compiler ABI info - done
[1.706s] -- Detecting C compile features
[1.706s] -- Detecting C compile features - done
[1.709s] -- Check for working CXX compiler: /usr/bin/c++
[1.982s] -- Check for working CXX compiler: /usr/bin/c++ -- works
[1.983s] -- Detecting CXX compiler ABI info
[2.270s] -- Detecting CXX compiler ABI info - done
[2.282s] -- Detecting CXX compile features
[2.283s] -- Detecting CXX compile features - done
[2.285s] -- Found ament_cmake: 0.9.12 (/opt/ros/foxy/share/ament_cmake/cmake)
[2.310s] -- Found PythonInterp: /usr/bin/python3 (found suitable version "3.8.10", minimum required is "3") 
[2.310s] -- Using PYTHON_EXECUTABLE: /usr/bin/python3
[2.496s] -- Override CMake install command with custom implementation using symlinks instead of copying resources
[2.526s] -- Found rclcpp: 2.4.3 (/opt/ros/foxy/share/rclcpp/cmake)
[2.795s] -- Using all available rosidl_typesupport_c: rosidl_typesupport_fastrtps_c;rosidl_typesupport_introspection_c
[2.802s] -- Found rosidl_adapter: 1.3.1 (/opt/ros/foxy/share/rosidl_adapter/cmake)
[4.605s] -- Found OpenSSL: /usr/lib/x86_64-linux-gnu/libcrypto.so (found version "1.1.1f")  
[6.360s] -- Found FastRTPS: /opt/ros/foxy/include  
[9.420s] -- Using all available rosidl_typesupport_cpp: rosidl_typesupport_fastrtps_cpp;rosidl_typesupport_introspection_cpp
[9.482s] -- Found rmw_implementation_cmake: 1.0.4 (/opt/ros/foxy/share/rmw_implementation_cmake/cmake)
[9.483s] -- Using RMW implementation 'rmw_fastrtps_cpp' as default
[9.484s] -- Looking for pthread.h
[9.700s] -- Looking for pthread.h - found
[9.700s] -- Performing Test CMAKE_HAVE_LIBC_PTHREAD
[9.972s] -- Performing Test CMAKE_HAVE_LIBC_PTHREAD - Failed
[9.973s] -- Looking for pthread_create in pthreads
[10.224s] -- Looking for pthread_create in pthreads - not found
[10.224s] -- Looking for pthread_create in pthread
[10.463s] -- Looking for pthread_create in pthread - found
[10.463s] -- Found Threads: TRUE  
[10.622s] -- Found geometry_msgs: 2.0.5 (/opt/ros/foxy/share/geometry_msgs/cmake)
[10.670s] CMake Error at /opt/ros/foxy/share/ament_cmake_target_dependencies/cmake/ament_target_dependencies.cmake:77 (message):
[10.670s]   ament_target_dependencies() the passed package name 'geomtry_msgs' was not
[10.670s]   found before
[10.670s] Call Stack (most recent call first):
[10.670s]   CMakeLists.txt:20 (ament_target_dependencies)
[10.670s] 
[10.670s] 
[10.672s] -- Configuring incomplete, errors occurred!
[10.673s] See also "/home/linux/ros2_ws/build/pub2_3/CMakeFiles/CMakeOutput.log".
[10.673s] See also "/home/linux/ros2_ws/build/pub2_3/CMakeFiles/CMakeError.log".
[10.684s] Invoked command in '/home/linux/ros2_ws/build/pub2_3' returned '1': CMAKE_PREFIX_PATH=${CMAKE_PREFIX_PATH}:/opt/ros/foxy /usr/bin/cmake /home/linux/ros2_ws/src/pub2_3 -DAMENT_CMAKE_SYMLINK_INSTALL=1 -DCMAKE_INSTALL_PREFIX=/home/linux/ros2_ws/install/pub2_3
