[0.019s] Invoking command in '/home/linux/ros2_ws/build/pub2_3': CMAKE_PREFIX_PATH=${CMAKE_PREFIX_PATH}:/opt/ros/foxy /usr/bin/cmake --build /home/linux/ros2_ws/build/pub2_3 -- -j6 -l6
[0.069s] [35m[1mScanning dependencies of target pub2_3[0m
[0.100s] [ 50%] [32mBuilding CXX object CMakeFiles/pub2_3.dir/src/pub2_3.cpp.o[0m
[3.579s] [100%] [32m[1mLinking CXX executable pub2_3[0m
[3.932s] [100%] Built target pub2_3
[3.955s] Invoked command in '/home/linux/ros2_ws/build/pub2_3' returned '0': CMAKE_PREFIX_PATH=${CMAKE_PREFIX_PATH}:/opt/ros/foxy /usr/bin/cmake --build /home/linux/ros2_ws/build/pub2_3 -- -j6 -l6
[3.971s] Invoking command in '/home/linux/ros2_ws/build/pub2_3': CMAKE_PREFIX_PATH=${CMAKE_PREFIX_PATH}:/opt/ros/foxy /usr/bin/cmake --install /home/linux/ros2_ws/build/pub2_3
[3.980s] -- Install configuration: ""
[3.980s] -- Execute custom install script
[3.981s] -- Up-to-date symlink: /home/linux/ros2_ws/install/pub2_3/lib/pub2_3/pub2_3
[3.981s] -- Up-to-date symlink: /home/linux/ros2_ws/install/pub2_3/share/ament_index/resource_index/package_run_dependencies/pub2_3
[3.981s] -- Up-to-date symlink: /home/linux/ros2_ws/install/pub2_3/share/ament_index/resource_index/parent_prefix_path/pub2_3
[3.982s] -- Up-to-date symlink: /home/linux/ros2_ws/install/pub2_3/share/pub2_3/environment/ament_prefix_path.sh
[3.982s] -- Up-to-date symlink: /home/linux/ros2_ws/install/pub2_3/share/pub2_3/environment/ament_prefix_path.dsv
[3.982s] -- Up-to-date symlink: /home/linux/ros2_ws/install/pub2_3/share/pub2_3/environment/path.sh
[3.983s] -- Up-to-date symlink: /home/linux/ros2_ws/install/pub2_3/share/pub2_3/environment/path.dsv
[3.983s] -- Up-to-date symlink: /home/linux/ros2_ws/install/pub2_3/share/pub2_3/local_setup.bash
[3.983s] -- Up-to-date symlink: /home/linux/ros2_ws/install/pub2_3/share/pub2_3/local_setup.sh
[3.984s] -- Up-to-date symlink: /home/linux/ros2_ws/install/pub2_3/share/pub2_3/local_setup.zsh
[3.984s] -- Up-to-date symlink: /home/linux/ros2_ws/install/pub2_3/share/pub2_3/local_setup.dsv
[3.984s] -- Symlinking: /home/linux/ros2_ws/install/pub2_3/share/pub2_3/package.dsv
[3.995s] -- Up-to-date symlink: /home/linux/ros2_ws/install/pub2_3/share/ament_index/resource_index/packages/pub2_3
[3.995s] -- Up-to-date symlink: /home/linux/ros2_ws/install/pub2_3/share/pub2_3/cmake/pub2_3Config.cmake
[3.995s] -- Up-to-date symlink: /home/linux/ros2_ws/install/pub2_3/share/pub2_3/cmake/pub2_3Config-version.cmake
[3.996s] -- Up-to-date symlink: /home/linux/ros2_ws/install/pub2_3/share/pub2_3/package.xml
[3.998s] Invoked command in '/home/linux/ros2_ws/build/pub2_3' returned '0': CMAKE_PREFIX_PATH=${CMAKE_PREFIX_PATH}:/opt/ros/foxy /usr/bin/cmake --install /home/linux/ros2_ws/build/pub2_3
