-- Found ament_cmake: 0.9.12 (/opt/ros/foxy/share/ament_cmake/cmake)
-- Using PYTHON_EXECUTABLE: /usr/bin/python3
-- Override CMake install command with custom implementation using symlinks instead of copying resources
-- Found rclcpp: 2.4.3 (/opt/ros/foxy/share/rclcpp/cmake)
-- Using all available rosidl_typesupport_c: rosidl_typesupport_fastrtps_c;rosidl_typesupport_introspection_c
-- Found rosidl_adapter: 1.3.1 (/opt/ros/foxy/share/rosidl_adapter/cmake)
-- Using all available rosidl_typesupport_cpp: rosidl_typesupport_fastrtps_cpp;rosidl_typesupport_introspection_cpp
-- Found rmw_implementation_cmake: 1.0.4 (/opt/ros/foxy/share/rmw_implementation_cmake/cmake)
-- Using RMW implementation 'rmw_fastrtps_cpp' as default
-- Found geometry_msgs: 2.0.5 (/opt/ros/foxy/share/geometry_msgs/cmake)
-- Configuring done
-- Generating done
-- Build files have been written to: /home/linux/ros2_ws/build/pub2_3
[35m[1mScanning dependencies of target pub2_3[0m
[ 50%] [32mBuilding CXX object CMakeFiles/pub2_3.dir/src/pub2_3.cpp.o[0m
[100%] [32m[1mLinking CXX executable pub2_3[0m
[100%] Built target pub2_3
-- Install configuration: ""
-- Execute custom install script
-- Symlinking: /home/linux/ros2_ws/install/pub2_3/lib/pub2_3/pub2_3
-- Symlinking: /home/linux/ros2_ws/install/pub2_3/share/ament_index/resource_index/package_run_dependencies/pub2_3
-- Symlinking: /home/linux/ros2_ws/install/pub2_3/share/ament_index/resource_index/parent_prefix_path/pub2_3
-- Symlinking: /home/linux/ros2_ws/install/pub2_3/share/pub2_3/environment/ament_prefix_path.sh
-- Symlinking: /home/linux/ros2_ws/install/pub2_3/share/pub2_3/environment/ament_prefix_path.dsv
-- Symlinking: /home/linux/ros2_ws/install/pub2_3/share/pub2_3/environment/path.sh
-- Symlinking: /home/linux/ros2_ws/install/pub2_3/share/pub2_3/environment/path.dsv
-- Symlinking: /home/linux/ros2_ws/install/pub2_3/share/pub2_3/local_setup.bash
-- Symlinking: /home/linux/ros2_ws/install/pub2_3/share/pub2_3/local_setup.sh
-- Symlinking: /home/linux/ros2_ws/install/pub2_3/share/pub2_3/local_setup.zsh
-- Symlinking: /home/linux/ros2_ws/install/pub2_3/share/pub2_3/local_setup.dsv
-- Symlinking: /home/linux/ros2_ws/install/pub2_3/share/pub2_3/package.dsv
-- Symlinking: /home/linux/ros2_ws/install/pub2_3/share/ament_index/resource_index/packages/pub2_3
-- Symlinking: /home/linux/ros2_ws/install/pub2_3/share/pub2_3/cmake/pub2_3Config.cmake
-- Symlinking: /home/linux/ros2_ws/install/pub2_3/share/pub2_3/cmake/pub2_3Config-version.cmake
-- Symlinking: /home/linux/ros2_ws/install/pub2_3/share/pub2_3/package.xml
