[0.023s] Invoking command in '/home/linux/ros2_ws/build/pub1': CMAKE_PREFIX_PATH=${CMAKE_PREFIX_PATH}:/opt/ros/foxy /usr/bin/cmake --build /home/linux/ros2_ws/build/pub1 -- -j6 -l6
[0.090s] [100%] Built target pub1
[0.105s] Invoked command in '/home/linux/ros2_ws/build/pub1' returned '0': CMAKE_PREFIX_PATH=${CMAKE_PREFIX_PATH}:/opt/ros/foxy /usr/bin/cmake --build /home/linux/ros2_ws/build/pub1 -- -j6 -l6
[0.121s] Invoking command in '/home/linux/ros2_ws/build/pub1': CMAKE_PREFIX_PATH=${CMAKE_PREFIX_PATH}:/opt/ros/foxy /usr/bin/cmake --install /home/linux/ros2_ws/build/pub1
[0.129s] -- Install configuration: ""
[0.130s] -- Execute custom install script
[0.130s] -- Up-to-date symlink: /home/linux/ros2_ws/install/pub1/lib/pub1/pub1
[0.130s] -- Up-to-date symlink: /home/linux/ros2_ws/install/pub1/share/ament_index/resource_index/package_run_dependencies/pub1
[0.131s] -- Up-to-date symlink: /home/linux/ros2_ws/install/pub1/share/ament_index/resource_index/parent_prefix_path/pub1
[0.131s] -- Up-to-date symlink: /home/linux/ros2_ws/install/pub1/share/pub1/environment/ament_prefix_path.sh
[0.131s] -- Up-to-date symlink: /home/linux/ros2_ws/install/pub1/share/pub1/environment/ament_prefix_path.dsv
[0.132s] -- Up-to-date symlink: /home/linux/ros2_ws/install/pub1/share/pub1/environment/path.sh
[0.132s] -- Up-to-date symlink: /home/linux/ros2_ws/install/pub1/share/pub1/environment/path.dsv
[0.132s] -- Up-to-date symlink: /home/linux/ros2_ws/install/pub1/share/pub1/local_setup.bash
[0.133s] -- Up-to-date symlink: /home/linux/ros2_ws/install/pub1/share/pub1/local_setup.sh
[0.133s] -- Up-to-date symlink: /home/linux/ros2_ws/install/pub1/share/pub1/local_setup.zsh
[0.133s] -- Up-to-date symlink: /home/linux/ros2_ws/install/pub1/share/pub1/local_setup.dsv
[0.133s] -- Symlinking: /home/linux/ros2_ws/install/pub1/share/pub1/package.dsv
[0.144s] -- Up-to-date symlink: /home/linux/ros2_ws/install/pub1/share/ament_index/resource_index/packages/pub1
[0.144s] -- Up-to-date symlink: /home/linux/ros2_ws/install/pub1/share/pub1/cmake/pub1Config.cmake
[0.145s] -- Up-to-date symlink: /home/linux/ros2_ws/install/pub1/share/pub1/cmake/pub1Config-version.cmake
[0.145s] -- Up-to-date symlink: /home/linux/ros2_ws/install/pub1/share/pub1/package.xml
[0.148s] Invoked command in '/home/linux/ros2_ws/build/pub1' returned '0': CMAKE_PREFIX_PATH=${CMAKE_PREFIX_PATH}:/opt/ros/foxy /usr/bin/cmake --install /home/linux/ros2_ws/build/pub1
