[0.018s] Invoking command in '/home/linux/ros2_ws/build/pub2_2': CMAKE_PREFIX_PATH=${CMAKE_PREFIX_PATH}:/opt/ros/foxy /usr/bin/cmake --build /home/linux/ros2_ws/build/pub2_2 -- -j6 -l6
[0.085s] [100%] Built target pub2_2
[0.097s] Invoked command in '/home/linux/ros2_ws/build/pub2_2' returned '0': CMAKE_PREFIX_PATH=${CMAKE_PREFIX_PATH}:/opt/ros/foxy /usr/bin/cmake --build /home/linux/ros2_ws/build/pub2_2 -- -j6 -l6
[0.112s] Invoking command in '/home/linux/ros2_ws/build/pub2_2': CMAKE_PREFIX_PATH=${CMAKE_PREFIX_PATH}:/opt/ros/foxy /usr/bin/cmake --install /home/linux/ros2_ws/build/pub2_2
[0.121s] -- Install configuration: ""
[0.122s] -- Execute custom install script
[0.122s] -- Up-to-date symlink: /home/linux/ros2_ws/install/pub2_2/lib/pub2_2/pub2_2
[0.123s] -- Up-to-date symlink: /home/linux/ros2_ws/install/pub2_2/share/ament_index/resource_index/package_run_dependencies/pub2_2
[0.123s] -- Up-to-date symlink: /home/linux/ros2_ws/install/pub2_2/share/ament_index/resource_index/parent_prefix_path/pub2_2
[0.123s] -- Up-to-date symlink: /home/linux/ros2_ws/install/pub2_2/share/pub2_2/environment/ament_prefix_path.sh
[0.124s] -- Up-to-date symlink: /home/linux/ros2_ws/install/pub2_2/share/pub2_2/environment/ament_prefix_path.dsv
[0.124s] -- Up-to-date symlink: /home/linux/ros2_ws/install/pub2_2/share/pub2_2/environment/path.sh
[0.124s] -- Up-to-date symlink: /home/linux/ros2_ws/install/pub2_2/share/pub2_2/environment/path.dsv
[0.124s] -- Up-to-date symlink: /home/linux/ros2_ws/install/pub2_2/share/pub2_2/local_setup.bash
[0.125s] -- Up-to-date symlink: /home/linux/ros2_ws/install/pub2_2/share/pub2_2/local_setup.sh
[0.125s] -- Up-to-date symlink: /home/linux/ros2_ws/install/pub2_2/share/pub2_2/local_setup.zsh
[0.125s] -- Up-to-date symlink: /home/linux/ros2_ws/install/pub2_2/share/pub2_2/local_setup.dsv
[0.126s] -- Symlinking: /home/linux/ros2_ws/install/pub2_2/share/pub2_2/package.dsv
[0.136s] -- Up-to-date symlink: /home/linux/ros2_ws/install/pub2_2/share/ament_index/resource_index/packages/pub2_2
[0.136s] -- Up-to-date symlink: /home/linux/ros2_ws/install/pub2_2/share/pub2_2/cmake/pub2_2Config.cmake
[0.136s] -- Up-to-date symlink: /home/linux/ros2_ws/install/pub2_2/share/pub2_2/cmake/pub2_2Config-version.cmake
[0.136s] -- Up-to-date symlink: /home/linux/ros2_ws/install/pub2_2/share/pub2_2/package.xml
[0.139s] Invoked command in '/home/linux/ros2_ws/build/pub2_2' returned '0': CMAKE_PREFIX_PATH=${CMAKE_PREFIX_PATH}:/opt/ros/foxy /usr/bin/cmake --install /home/linux/ros2_ws/build/pub2_2
