[0.022s] Invoking command in '/home/linux/ros2_ws/build/pub1': CMAKE_PREFIX_PATH=${CMAKE_PREFIX_PATH}:/opt/ros/foxy /usr/bin/cmake /home/linux/ros2_ws/src/pub1 -DAMENT_CMAKE_SYMLINK_INSTALL=1 -DCMAKE_INSTALL_PREFIX=/home/linux/ros2_ws/install/pub1
[0.536s] -- The C compiler identification is GNU 9.4.0
[1.133s] -- The CXX compiler identification is GNU 9.4.0
[1.371s] -- Check for working C compiler: /usr/bin/cc
[1.642s] -- Check for working C compiler: /usr/bin/cc -- works
[1.644s] -- Detecting C compiler ABI info
[1.897s] -- Detecting C compiler ABI info - done
[1.911s] -- Detecting C compile features
[1.911s] -- Detecting C compile features - done
[1.916s] -- Check for working CXX compiler: /usr/bin/c++
[2.196s] -- Check for working CXX compiler: /usr/bin/c++ -- works
[2.197s] -- Detecting CXX compiler ABI info
[2.473s] -- Detecting CXX compiler ABI info - done
[2.485s] -- Detecting CXX compile features
[2.485s] -- Detecting CXX compile features - done
[2.497s] -- Found ament_cmake: 0.9.12 (/opt/ros/foxy/share/ament_cmake/cmake)
[2.532s] -- Found PythonInterp: /usr/bin/python3 (found suitable version "3.8.10", minimum required is "3") 
[2.532s] -- Using PYTHON_EXECUTABLE: /usr/bin/python3
[2.730s] -- Override CMake install command with custom implementation using symlinks instead of copying resources
[2.777s] -- Found rclcpp: 2.4.3 (/opt/ros/foxy/share/rclcpp/cmake)
[3.079s] -- Using all available rosidl_typesupport_c: rosidl_typesupport_fastrtps_c;rosidl_typesupport_introspection_c
[3.091s] -- Found rosidl_adapter: 1.3.1 (/opt/ros/foxy/share/rosidl_adapter/cmake)
[4.854s] -- Found OpenSSL: /usr/lib/x86_64-linux-gnu/libcrypto.so (found version "1.1.1f")  
[6.794s] -- Found FastRTPS: /opt/ros/foxy/include  
[10.094s] -- Using all available rosidl_typesupport_cpp: rosidl_typesupport_fastrtps_cpp;rosidl_typesupport_introspection_cpp
[10.190s] -- Found rmw_implementation_cmake: 1.0.4 (/opt/ros/foxy/share/rmw_implementation_cmake/cmake)
[10.193s] -- Using RMW implementation 'rmw_fastrtps_cpp' as default
[10.196s] -- Looking for pthread.h
[10.467s] -- Looking for pthread.h - found
[10.467s] -- Performing Test CMAKE_HAVE_LIBC_PTHREAD
[10.731s] -- Performing Test CMAKE_HAVE_LIBC_PTHREAD - Failed
[10.732s] -- Looking for pthread_create in pthreads
[10.985s] -- Looking for pthread_create in pthreads - not found
[10.985s] -- Looking for pthread_create in pthread
[11.271s] -- Looking for pthread_create in pthread - found
[11.273s] -- Found Threads: TRUE  
[11.491s] -- Found ament_lint_auto: 0.9.8 (/opt/ros/foxy/share/ament_lint_auto/cmake)
[11.596s] -- Added test 'copyright' to check source files copyright and LICENSE
[11.598s] -- Added test 'cppcheck' to perform static code analysis on C / C++ code
[11.598s] -- Configured cppcheck include dirs: 
[11.598s] -- Configured cppcheck exclude dirs and/or files: 
[11.599s] -- Added test 'cpplint' to check C / C++ code against the Google style
[11.599s] -- Configured cpplint exclude dirs and/or files: 
[11.601s] -- Added test 'lint_cmake' to check CMake code style
[11.603s] -- Added test 'uncrustify' to check C / C++ code style
[11.604s] -- Configured uncrustify additional arguments: 
[11.605s] -- Added test 'xmllint' to check XML markup files
[11.610s] -- Configuring done
[11.619s] -- Generating done
[11.624s] -- Build files have been written to: /home/linux/ros2_ws/build/pub1
[11.633s] Invoked command in '/home/linux/ros2_ws/build/pub1' returned '0': CMAKE_PREFIX_PATH=${CMAKE_PREFIX_PATH}:/opt/ros/foxy /usr/bin/cmake /home/linux/ros2_ws/src/pub1 -DAMENT_CMAKE_SYMLINK_INSTALL=1 -DCMAKE_INSTALL_PREFIX=/home/linux/ros2_ws/install/pub1
[11.637s] Invoking command in '/home/linux/ros2_ws/build/pub1': CMAKE_PREFIX_PATH=${CMAKE_PREFIX_PATH}:/opt/ros/foxy /usr/bin/cmake --build /home/linux/ros2_ws/build/pub1 -- -j6 -l6
[11.689s] [35m[1mScanning dependencies of target pub1[0m
[11.731s] [ 50%] [32mBuilding CXX object CMakeFiles/pub1.dir/src/pub1.cpp.o[0m
[14.901s] [100%] [32m[1mLinking CXX executable pub1[0m
[15.330s] [100%] Built target pub1
[15.343s] Invoked command in '/home/linux/ros2_ws/build/pub1' returned '0': CMAKE_PREFIX_PATH=${CMAKE_PREFIX_PATH}:/opt/ros/foxy /usr/bin/cmake --build /home/linux/ros2_ws/build/pub1 -- -j6 -l6
[15.359s] Invoking command in '/home/linux/ros2_ws/build/pub1': CMAKE_PREFIX_PATH=${CMAKE_PREFIX_PATH}:/opt/ros/foxy /usr/bin/cmake --install /home/linux/ros2_ws/build/pub1
[15.367s] -- Install configuration: ""
[15.367s] -- Execute custom install script
[15.368s] -- Symlinking: /home/linux/ros2_ws/install/pub1/lib/pub1/pub1
[15.380s] -- Symlinking: /home/linux/ros2_ws/install/pub1/share/ament_index/resource_index/package_run_dependencies/pub1
[15.392s] -- Symlinking: /home/linux/ros2_ws/install/pub1/share/ament_index/resource_index/parent_prefix_path/pub1
[15.402s] -- Symlinking: /home/linux/ros2_ws/install/pub1/share/pub1/environment/ament_prefix_path.sh
[15.413s] -- Symlinking: /home/linux/ros2_ws/install/pub1/share/pub1/environment/ament_prefix_path.dsv
[15.423s] -- Symlinking: /home/linux/ros2_ws/install/pub1/share/pub1/environment/path.sh
[15.434s] -- Symlinking: /home/linux/ros2_ws/install/pub1/share/pub1/environment/path.dsv
[15.446s] -- Symlinking: /home/linux/ros2_ws/install/pub1/share/pub1/local_setup.bash
[15.457s] -- Symlinking: /home/linux/ros2_ws/install/pub1/share/pub1/local_setup.sh
[15.468s] -- Symlinking: /home/linux/ros2_ws/install/pub1/share/pub1/local_setup.zsh
[15.482s] -- Symlinking: /home/linux/ros2_ws/install/pub1/share/pub1/local_setup.dsv
[15.492s] -- Symlinking: /home/linux/ros2_ws/install/pub1/share/pub1/package.dsv
[15.506s] -- Symlinking: /home/linux/ros2_ws/install/pub1/share/ament_index/resource_index/packages/pub1
[15.524s] -- Symlinking: /home/linux/ros2_ws/install/pub1/share/pub1/cmake/pub1Config.cmake
[15.532s] -- Symlinking: /home/linux/ros2_ws/install/pub1/share/pub1/cmake/pub1Config-version.cmake
[15.555s] -- Symlinking: /home/linux/ros2_ws/install/pub1/share/pub1/package.xml
[15.582s] Invoked command in '/home/linux/ros2_ws/build/pub1' returned '0': CMAKE_PREFIX_PATH=${CMAKE_PREFIX_PATH}:/opt/ros/foxy /usr/bin/cmake --install /home/linux/ros2_ws/build/pub1
