[0.020s] Invoking command in '/home/linux/ros2_ws/build/pub2_1': CMAKE_PREFIX_PATH=${CMAKE_PREFIX_PATH}:/opt/ros/foxy /usr/bin/cmake /home/linux/ros2_ws/src/pub2_1 -DAMENT_CMAKE_SYMLINK_INSTALL=1 -DCMAKE_INSTALL_PREFIX=/home/linux/ros2_ws/install/pub2_1
[0.399s] -- The C compiler identification is GNU 9.4.0
[0.910s] -- The CXX compiler identification is GNU 9.4.0
[1.173s] -- Check for working C compiler: /usr/bin/cc
[1.492s] -- Check for working C compiler: /usr/bin/cc -- works
[1.493s] -- Detecting C compiler ABI info
[1.752s] -- Detecting C compiler ABI info - done
[1.763s] -- Detecting C compile features
[1.763s] -- Detecting C compile features - done
[1.767s] -- Check for working CXX compiler: /usr/bin/c++
[2.056s] -- Check for working CXX compiler: /usr/bin/c++ -- works
[2.057s] -- Detecting CXX compiler ABI info
[2.349s] -- Detecting CXX compiler ABI info - done
[2.361s] -- Detecting CXX compile features
[2.361s] -- Detecting CXX compile features - done
[2.367s] -- Found ament_cmake: 0.9.12 (/opt/ros/foxy/share/ament_cmake/cmake)
[2.392s] -- Found PythonInterp: /usr/bin/python3 (found suitable version "3.8.10", minimum required is "3") 
[2.392s] -- Using PYTHON_EXECUTABLE: /usr/bin/python3
[2.576s] -- Override CMake install command with custom implementation using symlinks instead of copying resources
[2.607s] -- Found rclcpp: 2.4.3 (/opt/ros/foxy/share/rclcpp/cmake)
[2.893s] -- Using all available rosidl_typesupport_c: rosidl_typesupport_fastrtps_c;rosidl_typesupport_introspection_c
[2.902s] -- Found rosidl_adapter: 1.3.1 (/opt/ros/foxy/share/rosidl_adapter/cmake)
[4.793s] -- Found OpenSSL: /usr/lib/x86_64-linux-gnu/libcrypto.so (found version "1.1.1f")  
[6.672s] -- Found FastRTPS: /opt/ros/foxy/include  
[9.814s] -- Using all available rosidl_typesupport_cpp: rosidl_typesupport_fastrtps_cpp;rosidl_typesupport_introspection_cpp
[9.878s] -- Found rmw_implementation_cmake: 1.0.4 (/opt/ros/foxy/share/rmw_implementation_cmake/cmake)
[9.879s] -- Using RMW implementation 'rmw_fastrtps_cpp' as default
[9.880s] -- Looking for pthread.h
[10.108s] -- Looking for pthread.h - found
[10.108s] -- Performing Test CMAKE_HAVE_LIBC_PTHREAD
[10.374s] -- Performing Test CMAKE_HAVE_LIBC_PTHREAD - Failed
[10.375s] -- Looking for pthread_create in pthreads
[10.604s] -- Looking for pthread_create in pthreads - not found
[10.605s] -- Looking for pthread_create in pthread
[10.867s] -- Looking for pthread_create in pthread - found
[10.868s] -- Found Threads: TRUE  
[11.039s] CMake Error at /opt/ros/foxy/share/ament_cmake_core/cmake/symlink_install/ament_cmake_symlink_install_targets.cmake:67 (message):
[11.039s]   ament_cmake_symlink_install_targets() 'pub2' is not a target
[11.039s] Call Stack (most recent call first):
[11.039s]   /opt/ros/foxy/share/ament_cmake_core/cmake/symlink_install/install.cmake:37 (ament_cmake_symlink_install_targets)
[11.040s]   CMakeLists.txt:23 (install)
[11.040s] 
[11.040s] 
[11.041s] -- Configuring incomplete, errors occurred!
[11.041s] See also "/home/linux/ros2_ws/build/pub2_1/CMakeFiles/CMakeOutput.log".
[11.041s] See also "/home/linux/ros2_ws/build/pub2_1/CMakeFiles/CMakeError.log".
[11.054s] Invoked command in '/home/linux/ros2_ws/build/pub2_1' returned '1': CMAKE_PREFIX_PATH=${CMAKE_PREFIX_PATH}:/opt/ros/foxy /usr/bin/cmake /home/linux/ros2_ws/src/pub2_1 -DAMENT_CMAKE_SYMLINK_INSTALL=1 -DCMAKE_INSTALL_PREFIX=/home/linux/ros2_ws/install/pub2_1
