[0.017s] Invoking command in '/home/linux/ros2_ws/build/pub2_2': CMAKE_PREFIX_PATH=${CMAKE_PREFIX_PATH}:/opt/ros/foxy /usr/bin/cmake /home/linux/ros2_ws/src/pub2_2 -DAMENT_CMAKE_SYMLINK_INSTALL=1 -DCMAKE_INSTALL_PREFIX=/home/linux/ros2_ws/install/pub2_2
[0.344s] -- The C compiler identification is GNU 9.4.0
[0.822s] -- The CXX compiler identification is GNU 9.4.0
[1.074s] -- Check for working C compiler: /usr/bin/cc
[1.324s] -- Check for working C compiler: /usr/bin/cc -- works
[1.325s] -- Detecting C compiler ABI info
[1.571s] -- Detecting C compiler ABI info - done
[1.583s] -- Detecting C compile features
[1.583s] -- Detecting C compile features - done
[1.585s] -- Check for working CXX compiler: /usr/bin/c++
[1.839s] -- Check for working CXX compiler: /usr/bin/c++ -- works
[1.840s] -- Detecting CXX compiler ABI info
[2.238s] -- Detecting CXX compiler ABI info - done
[2.252s] -- Detecting CXX compile features
[2.252s] -- Detecting CXX compile features - done
[2.255s] -- Found ament_cmake: 0.9.12 (/opt/ros/foxy/share/ament_cmake/cmake)
[2.279s] -- Found PythonInterp: /usr/bin/python3 (found suitable version "3.8.10", minimum required is "3") 
[2.279s] -- Using PYTHON_EXECUTABLE: /usr/bin/python3
[2.474s] -- Override CMake install command with custom implementation using symlinks instead of copying resources
[2.497s] -- Found rclcpp: 2.4.3 (/opt/ros/foxy/share/rclcpp/cmake)
[2.763s] -- Using all available rosidl_typesupport_c: rosidl_typesupport_fastrtps_c;rosidl_typesupport_introspection_c
[2.780s] -- Found rosidl_adapter: 1.3.1 (/opt/ros/foxy/share/rosidl_adapter/cmake)
[4.603s] -- Found OpenSSL: /usr/lib/x86_64-linux-gnu/libcrypto.so (found version "1.1.1f")  
[6.478s] -- Found FastRTPS: /opt/ros/foxy/include  
[9.534s] -- Using all available rosidl_typesupport_cpp: rosidl_typesupport_fastrtps_cpp;rosidl_typesupport_introspection_cpp
[9.595s] -- Found rmw_implementation_cmake: 1.0.4 (/opt/ros/foxy/share/rmw_implementation_cmake/cmake)
[9.596s] -- Using RMW implementation 'rmw_fastrtps_cpp' as default
[9.597s] -- Looking for pthread.h
[9.868s] -- Looking for pthread.h - found
[9.869s] -- Performing Test CMAKE_HAVE_LIBC_PTHREAD
[10.197s] -- Performing Test CMAKE_HAVE_LIBC_PTHREAD - Failed
[10.201s] -- Looking for pthread_create in pthreads
[10.526s] -- Looking for pthread_create in pthreads - not found
[10.526s] -- Looking for pthread_create in pthread
[10.766s] -- Looking for pthread_create in pthread - found
[10.767s] -- Found Threads: TRUE  
[10.964s] -- Found geometry_msgs: 2.0.5 (/opt/ros/foxy/share/geometry_msgs/cmake)
[11.140s] -- Configuring done
[11.179s] -- Generating done
[11.186s] -- Build files have been written to: /home/linux/ros2_ws/build/pub2_2
[11.206s] Invoked command in '/home/linux/ros2_ws/build/pub2_2' returned '0': CMAKE_PREFIX_PATH=${CMAKE_PREFIX_PATH}:/opt/ros/foxy /usr/bin/cmake /home/linux/ros2_ws/src/pub2_2 -DAMENT_CMAKE_SYMLINK_INSTALL=1 -DCMAKE_INSTALL_PREFIX=/home/linux/ros2_ws/install/pub2_2
[11.220s] Invoking command in '/home/linux/ros2_ws/build/pub2_2': CMAKE_PREFIX_PATH=${CMAKE_PREFIX_PATH}:/opt/ros/foxy /usr/bin/cmake --build /home/linux/ros2_ws/build/pub2_2 -- -j6 -l6
[11.294s] [35m[1mScanning dependencies of target pub2_2[0m
[11.337s] [ 50%] [32mBuilding CXX object CMakeFiles/pub2_2.dir/src/pub2_2.cpp.o[0m
[14.625s] [100%] [32m[1mLinking CXX executable pub2_2[0m
[14.963s] [100%] Built target pub2_2
[14.977s] Invoked command in '/home/linux/ros2_ws/build/pub2_2' returned '0': CMAKE_PREFIX_PATH=${CMAKE_PREFIX_PATH}:/opt/ros/foxy /usr/bin/cmake --build /home/linux/ros2_ws/build/pub2_2 -- -j6 -l6
[14.993s] Invoking command in '/home/linux/ros2_ws/build/pub2_2': CMAKE_PREFIX_PATH=${CMAKE_PREFIX_PATH}:/opt/ros/foxy /usr/bin/cmake --install /home/linux/ros2_ws/build/pub2_2
[15.001s] -- Install configuration: ""
[15.002s] -- Execute custom install script
[15.003s] -- Symlinking: /home/linux/ros2_ws/install/pub2_2/lib/pub2_2/pub2_2
[15.014s] -- Symlinking: /home/linux/ros2_ws/install/pub2_2/share/ament_index/resource_index/package_run_dependencies/pub2_2
[15.026s] -- Symlinking: /home/linux/ros2_ws/install/pub2_2/share/ament_index/resource_index/parent_prefix_path/pub2_2
[15.039s] -- Symlinking: /home/linux/ros2_ws/install/pub2_2/share/pub2_2/environment/ament_prefix_path.sh
[15.052s] -- Symlinking: /home/linux/ros2_ws/install/pub2_2/share/pub2_2/environment/ament_prefix_path.dsv
[15.064s] -- Symlinking: /home/linux/ros2_ws/install/pub2_2/share/pub2_2/environment/path.sh
[15.074s] -- Symlinking: /home/linux/ros2_ws/install/pub2_2/share/pub2_2/environment/path.dsv
[15.086s] -- Symlinking: /home/linux/ros2_ws/install/pub2_2/share/pub2_2/local_setup.bash
[15.099s] -- Symlinking: /home/linux/ros2_ws/install/pub2_2/share/pub2_2/local_setup.sh
[15.112s] -- Symlinking: /home/linux/ros2_ws/install/pub2_2/share/pub2_2/local_setup.zsh
[15.122s] -- Symlinking: /home/linux/ros2_ws/install/pub2_2/share/pub2_2/local_setup.dsv
[15.135s] -- Symlinking: /home/linux/ros2_ws/install/pub2_2/share/pub2_2/package.dsv
[15.148s] -- Symlinking: /home/linux/ros2_ws/install/pub2_2/share/ament_index/resource_index/packages/pub2_2
[15.160s] -- Symlinking: /home/linux/ros2_ws/install/pub2_2/share/pub2_2/cmake/pub2_2Config.cmake
[15.173s] -- Symlinking: /home/linux/ros2_ws/install/pub2_2/share/pub2_2/cmake/pub2_2Config-version.cmake
[15.186s] -- Symlinking: /home/linux/ros2_ws/install/pub2_2/share/pub2_2/package.xml
[15.202s] Invoked command in '/home/linux/ros2_ws/build/pub2_2' returned '0': CMAKE_PREFIX_PATH=${CMAKE_PREFIX_PATH}:/opt/ros/foxy /usr/bin/cmake --install /home/linux/ros2_ws/build/pub2_2
