[0.017s] Invoking command in '/home/linux/ros2_ws/build/pub2_1': CMAKE_PREFIX_PATH=${CMAKE_PREFIX_PATH}:/opt/ros/foxy /usr/bin/cmake /home/linux/ros2_ws/src/pub2_1 -DAMENT_CMAKE_SYMLINK_INSTALL=1 -DCMAKE_INSTALL_PREFIX=/home/linux/ros2_ws/install/pub2_1
[0.031s] -- Found ament_cmake: 0.9.12 (/opt/ros/foxy/share/ament_cmake/cmake)
[0.052s] -- Using PYTHON_EXECUTABLE: /usr/bin/python3
[0.227s] -- Override CMake install command with custom implementation using symlinks instead of copying resources
[0.236s] -- Found rclcpp: 2.4.3 (/opt/ros/foxy/share/rclcpp/cmake)
[0.471s] -- Using all available rosidl_typesupport_c: rosidl_typesupport_fastrtps_c;rosidl_typesupport_introspection_c
[0.475s] -- Found rosidl_adapter: 1.3.1 (/opt/ros/foxy/share/rosidl_adapter/cmake)
[6.697s] -- Using all available rosidl_typesupport_cpp: rosidl_typesupport_fastrtps_cpp;rosidl_typesupport_introspection_cpp
[6.749s] -- Found rmw_implementation_cmake: 1.0.4 (/opt/ros/foxy/share/rmw_implementation_cmake/cmake)
[6.750s] -- Using RMW implementation 'rmw_fastrtps_cpp' as default
[6.960s] -- Configuring done
[6.970s] -- Generating done
[6.973s] -- Build files have been written to: /home/linux/ros2_ws/build/pub2_1
[6.979s] Invoked command in '/home/linux/ros2_ws/build/pub2_1' returned '0': CMAKE_PREFIX_PATH=${CMAKE_PREFIX_PATH}:/opt/ros/foxy /usr/bin/cmake /home/linux/ros2_ws/src/pub2_1 -DAMENT_CMAKE_SYMLINK_INSTALL=1 -DCMAKE_INSTALL_PREFIX=/home/linux/ros2_ws/install/pub2_1
[6.983s] Invoking command in '/home/linux/ros2_ws/build/pub2_1': CMAKE_PREFIX_PATH=${CMAKE_PREFIX_PATH}:/opt/ros/foxy /usr/bin/cmake --build /home/linux/ros2_ws/build/pub2_1 -- -j6 -l6
[7.023s] [35m[1mScanning dependencies of target pub2_1[0m
[7.062s] [ 50%] [32mBuilding CXX object CMakeFiles/pub2_1.dir/src/pub2_1.cpp.o[0m
[10.071s] [100%] [32m[1mLinking CXX executable pub2_1[0m
[10.411s] [100%] Built target pub2_1
[10.423s] Invoked command in '/home/linux/ros2_ws/build/pub2_1' returned '0': CMAKE_PREFIX_PATH=${CMAKE_PREFIX_PATH}:/opt/ros/foxy /usr/bin/cmake --build /home/linux/ros2_ws/build/pub2_1 -- -j6 -l6
[10.439s] Invoking command in '/home/linux/ros2_ws/build/pub2_1': CMAKE_PREFIX_PATH=${CMAKE_PREFIX_PATH}:/opt/ros/foxy /usr/bin/cmake --install /home/linux/ros2_ws/build/pub2_1
[10.448s] -- Install configuration: ""
[10.449s] -- Execute custom install script
[10.450s] -- Symlinking: /home/linux/ros2_ws/install/pub2_1/lib/pub2_1/pub2_1
[10.462s] -- Symlinking: /home/linux/ros2_ws/install/pub2_1/share/ament_index/resource_index/package_run_dependencies/pub2_1
[10.474s] -- Symlinking: /home/linux/ros2_ws/install/pub2_1/share/ament_index/resource_index/parent_prefix_path/pub2_1
[10.484s] -- Symlinking: /home/linux/ros2_ws/install/pub2_1/share/pub2_1/environment/ament_prefix_path.sh
[10.493s] -- Symlinking: /home/linux/ros2_ws/install/pub2_1/share/pub2_1/environment/ament_prefix_path.dsv
[10.503s] -- Symlinking: /home/linux/ros2_ws/install/pub2_1/share/pub2_1/environment/path.sh
[10.513s] -- Symlinking: /home/linux/ros2_ws/install/pub2_1/share/pub2_1/environment/path.dsv
[10.522s] -- Symlinking: /home/linux/ros2_ws/install/pub2_1/share/pub2_1/local_setup.bash
[10.532s] -- Symlinking: /home/linux/ros2_ws/install/pub2_1/share/pub2_1/local_setup.sh
[10.543s] -- Symlinking: /home/linux/ros2_ws/install/pub2_1/share/pub2_1/local_setup.zsh
[10.554s] -- Symlinking: /home/linux/ros2_ws/install/pub2_1/share/pub2_1/local_setup.dsv
[10.565s] -- Symlinking: /home/linux/ros2_ws/install/pub2_1/share/pub2_1/package.dsv
[10.576s] -- Symlinking: /home/linux/ros2_ws/install/pub2_1/share/ament_index/resource_index/packages/pub2_1
[10.586s] -- Symlinking: /home/linux/ros2_ws/install/pub2_1/share/pub2_1/cmake/pub2_1Config.cmake
[10.595s] -- Symlinking: /home/linux/ros2_ws/install/pub2_1/share/pub2_1/cmake/pub2_1Config-version.cmake
[10.605s] -- Symlinking: /home/linux/ros2_ws/install/pub2_1/share/pub2_1/package.xml
[10.617s] Invoked command in '/home/linux/ros2_ws/build/pub2_1' returned '0': CMAKE_PREFIX_PATH=${CMAKE_PREFIX_PATH}:/opt/ros/foxy /usr/bin/cmake --install /home/linux/ros2_ws/build/pub2_1
