[0.356s] DEBUG:colcon:Command line arguments: ['/usr/bin/colcon', 'build', '--symlink-install', '--packages-select', 'pub2_2']
[0.356s] DEBUG:colcon:Parsed command line arguments: Namespace(allow_overriding=[], ament_cmake_args=None, base_paths=['.'], build_base='build', catkin_cmake_args=None, catkin_skip_building_tests=False, cmake_args=None, cmake_clean_cache=False, cmake_clean_first=False, cmake_force_configure=False, cmake_target=None, cmake_target_skip_unavailable=False, continue_on_error=False, event_handlers=None, executor='parallel', ignore_user_meta=False, install_base='install', log_base=None, log_level=None, main=<bound method BuildVerb.main of <colcon_core.verb.build.BuildVerb object at 0x7f3d42ab1310>>, merge_install=False, metas=['./colcon.meta'], packages_above=None, packages_above_and_dependencies=None, packages_above_depth=None, packages_end=None, packages_ignore=None, packages_ignore_regex=None, packages_select=['pub2_2'], packages_select_build_failed=False, packages_select_by_dep=None, packages_select_regex=None, packages_select_test_failures=False, packages_skip=None, packages_skip_build_finished=False, packages_skip_by_dep=None, packages_skip_regex=None, packages_skip_test_passed=False, packages_skip_up_to=None, packages_start=None, packages_up_to=None, packages_up_to_regex=None, parallel_workers=6, paths=None, symlink_install=True, test_result_base=None, verb_extension=<colcon_core.verb.build.BuildVerb object at 0x7f3d42ab1310>, verb_name='build', verb_parser=<colcon_defaults.argument_parser.defaults.DefaultArgumentsDecorator object at 0x7f3d428ea8e0>)
[0.515s] Level 1:colcon.colcon_core.package_discovery:discover_packages(colcon_meta) check parameters
[0.515s] Level 1:colcon.colcon_core.package_discovery:discover_packages(recursive) check parameters
[0.515s] Level 1:colcon.colcon_core.package_discovery:discover_packages(ignore) check parameters
[0.515s] Level 1:colcon.colcon_core.package_discovery:discover_packages(path) check parameters
[0.515s] Level 1:colcon.colcon_core.package_discovery:discover_packages(colcon_meta) discover
[0.515s] Level 1:colcon.colcon_core.package_discovery:discover_packages(recursive) discover
[0.516s] INFO:colcon.colcon_core.package_discovery:Crawling recursively for packages in '/home/linux/ros2_ws'
[0.516s] Level 1:colcon.colcon_core.package_identification:_identify(.) by extensions ['ignore', 'ignore_ament_install']
[0.516s] Level 1:colcon.colcon_core.package_identification:_identify(.) by extension 'ignore'
[0.516s] Level 1:colcon.colcon_core.package_identification:_identify(.) by extension 'ignore_ament_install'
[0.516s] Level 1:colcon.colcon_core.package_identification:_identify(.) by extensions ['colcon_pkg']
[0.516s] Level 1:colcon.colcon_core.package_identification:_identify(.) by extension 'colcon_pkg'
[0.516s] Level 1:colcon.colcon_core.package_identification:_identify(.) by extensions ['colcon_meta']
[0.516s] Level 1:colcon.colcon_core.package_identification:_identify(.) by extension 'colcon_meta'
[0.516s] Level 1:colcon.colcon_core.package_identification:_identify(.) by extensions ['ros']
[0.516s] Level 1:colcon.colcon_core.package_identification:_identify(.) by extension 'ros'
[0.527s] Level 1:colcon.colcon_core.package_identification:_identify(.) by extensions ['cmake', 'python']
[0.528s] Level 1:colcon.colcon_core.package_identification:_identify(.) by extension 'cmake'
[0.528s] Level 1:colcon.colcon_core.package_identification:_identify(.) by extension 'python'
[0.528s] Level 1:colcon.colcon_core.package_identification:_identify(.) by extensions ['python_setup_py']
[0.528s] Level 1:colcon.colcon_core.package_identification:_identify(.) by extension 'python_setup_py'
[0.528s] Level 1:colcon.colcon_core.package_identification:_identify(build) by extensions ['ignore', 'ignore_ament_install']
[0.528s] Level 1:colcon.colcon_core.package_identification:_identify(build) by extension 'ignore'
[0.528s] Level 1:colcon.colcon_core.package_identification:_identify(build) ignored
[0.528s] Level 1:colcon.colcon_core.package_identification:_identify(install) by extensions ['ignore', 'ignore_ament_install']
[0.528s] Level 1:colcon.colcon_core.package_identification:_identify(install) by extension 'ignore'
[0.528s] Level 1:colcon.colcon_core.package_identification:_identify(install) ignored
[0.529s] Level 1:colcon.colcon_core.package_identification:_identify(log) by extensions ['ignore', 'ignore_ament_install']
[0.529s] Level 1:colcon.colcon_core.package_identification:_identify(log) by extension 'ignore'
[0.529s] Level 1:colcon.colcon_core.package_identification:_identify(log) ignored
[0.529s] Level 1:colcon.colcon_core.package_identification:_identify(src) by extensions ['ignore', 'ignore_ament_install']
[0.529s] Level 1:colcon.colcon_core.package_identification:_identify(src) by extension 'ignore'
[0.529s] Level 1:colcon.colcon_core.package_identification:_identify(src) by extension 'ignore_ament_install'
[0.529s] Level 1:colcon.colcon_core.package_identification:_identify(src) by extensions ['colcon_pkg']
[0.529s] Level 1:colcon.colcon_core.package_identification:_identify(src) by extension 'colcon_pkg'
[0.529s] Level 1:colcon.colcon_core.package_identification:_identify(src) by extensions ['colcon_meta']
[0.529s] Level 1:colcon.colcon_core.package_identification:_identify(src) by extension 'colcon_meta'
[0.529s] Level 1:colcon.colcon_core.package_identification:_identify(src) by extensions ['ros']
[0.529s] Level 1:colcon.colcon_core.package_identification:_identify(src) by extension 'ros'
[0.529s] Level 1:colcon.colcon_core.package_identification:_identify(src) by extensions ['cmake', 'python']
[0.529s] Level 1:colcon.colcon_core.package_identification:_identify(src) by extension 'cmake'
[0.529s] Level 1:colcon.colcon_core.package_identification:_identify(src) by extension 'python'
[0.529s] Level 1:colcon.colcon_core.package_identification:_identify(src) by extensions ['python_setup_py']
[0.530s] Level 1:colcon.colcon_core.package_identification:_identify(src) by extension 'python_setup_py'
[0.530s] Level 1:colcon.colcon_core.package_identification:_identify(src/pub1) by extensions ['ignore', 'ignore_ament_install']
[0.530s] Level 1:colcon.colcon_core.package_identification:_identify(src/pub1) by extension 'ignore'
[0.530s] Level 1:colcon.colcon_core.package_identification:_identify(src/pub1) by extension 'ignore_ament_install'
[0.530s] Level 1:colcon.colcon_core.package_identification:_identify(src/pub1) by extensions ['colcon_pkg']
[0.530s] Level 1:colcon.colcon_core.package_identification:_identify(src/pub1) by extension 'colcon_pkg'
[0.530s] Level 1:colcon.colcon_core.package_identification:_identify(src/pub1) by extensions ['colcon_meta']
[0.530s] Level 1:colcon.colcon_core.package_identification:_identify(src/pub1) by extension 'colcon_meta'
[0.530s] Level 1:colcon.colcon_core.package_identification:_identify(src/pub1) by extensions ['ros']
[0.530s] Level 1:colcon.colcon_core.package_identification:_identify(src/pub1) by extension 'ros'
[0.533s] DEBUG:colcon.colcon_core.package_identification:Package 'src/pub1' with type 'ros.ament_cmake' and name 'pub1'
[0.533s] Level 1:colcon.colcon_core.package_identification:_identify(src/pub1_1) by extensions ['ignore', 'ignore_ament_install']
[0.533s] Level 1:colcon.colcon_core.package_identification:_identify(src/pub1_1) by extension 'ignore'
[0.533s] Level 1:colcon.colcon_core.package_identification:_identify(src/pub1_1) by extension 'ignore_ament_install'
[0.534s] Level 1:colcon.colcon_core.package_identification:_identify(src/pub1_1) by extensions ['colcon_pkg']
[0.534s] Level 1:colcon.colcon_core.package_identification:_identify(src/pub1_1) by extension 'colcon_pkg'
[0.534s] Level 1:colcon.colcon_core.package_identification:_identify(src/pub1_1) by extensions ['colcon_meta']
[0.534s] Level 1:colcon.colcon_core.package_identification:_identify(src/pub1_1) by extension 'colcon_meta'
[0.534s] Level 1:colcon.colcon_core.package_identification:_identify(src/pub1_1) by extensions ['ros']
[0.534s] Level 1:colcon.colcon_core.package_identification:_identify(src/pub1_1) by extension 'ros'
[0.534s] DEBUG:colcon.colcon_core.package_identification:Package 'src/pub1_1' with type 'ros.ament_cmake' and name 'pub1_1'
[0.535s] Level 1:colcon.colcon_core.package_identification:_identify(src/pub1_2) by extensions ['ignore', 'ignore_ament_install']
[0.535s] Level 1:colcon.colcon_core.package_identification:_identify(src/pub1_2) by extension 'ignore'
[0.535s] Level 1:colcon.colcon_core.package_identification:_identify(src/pub1_2) by extension 'ignore_ament_install'
[0.535s] Level 1:colcon.colcon_core.package_identification:_identify(src/pub1_2) by extensions ['colcon_pkg']
[0.535s] Level 1:colcon.colcon_core.package_identification:_identify(src/pub1_2) by extension 'colcon_pkg'
[0.535s] Level 1:colcon.colcon_core.package_identification:_identify(src/pub1_2) by extensions ['colcon_meta']
[0.535s] Level 1:colcon.colcon_core.package_identification:_identify(src/pub1_2) by extension 'colcon_meta'
[0.535s] Level 1:colcon.colcon_core.package_identification:_identify(src/pub1_2) by extensions ['ros']
[0.535s] Level 1:colcon.colcon_core.package_identification:_identify(src/pub1_2) by extension 'ros'
[0.536s] DEBUG:colcon.colcon_core.package_identification:Package 'src/pub1_2' with type 'ros.ament_cmake' and name 'pub1_2'
[0.536s] Level 1:colcon.colcon_core.package_identification:_identify(src/pub1_3) by extensions ['ignore', 'ignore_ament_install']
[0.536s] Level 1:colcon.colcon_core.package_identification:_identify(src/pub1_3) by extension 'ignore'
[0.536s] Level 1:colcon.colcon_core.package_identification:_identify(src/pub1_3) by extension 'ignore_ament_install'
[0.536s] Level 1:colcon.colcon_core.package_identification:_identify(src/pub1_3) by extensions ['colcon_pkg']
[0.536s] Level 1:colcon.colcon_core.package_identification:_identify(src/pub1_3) by extension 'colcon_pkg'
[0.536s] Level 1:colcon.colcon_core.package_identification:_identify(src/pub1_3) by extensions ['colcon_meta']
[0.536s] Level 1:colcon.colcon_core.package_identification:_identify(src/pub1_3) by extension 'colcon_meta'
[0.536s] Level 1:colcon.colcon_core.package_identification:_identify(src/pub1_3) by extensions ['ros']
[0.536s] Level 1:colcon.colcon_core.package_identification:_identify(src/pub1_3) by extension 'ros'
[0.537s] DEBUG:colcon.colcon_core.package_identification:Package 'src/pub1_3' with type 'ros.ament_cmake' and name 'pub1_3'
[0.537s] Level 1:colcon.colcon_core.package_identification:_identify(src/pub2) by extensions ['ignore', 'ignore_ament_install']
[0.537s] Level 1:colcon.colcon_core.package_identification:_identify(src/pub2) by extension 'ignore'
[0.537s] Level 1:colcon.colcon_core.package_identification:_identify(src/pub2) by extension 'ignore_ament_install'
[0.537s] Level 1:colcon.colcon_core.package_identification:_identify(src/pub2) by extensions ['colcon_pkg']
[0.537s] Level 1:colcon.colcon_core.package_identification:_identify(src/pub2) by extension 'colcon_pkg'
[0.537s] Level 1:colcon.colcon_core.package_identification:_identify(src/pub2) by extensions ['colcon_meta']
[0.537s] Level 1:colcon.colcon_core.package_identification:_identify(src/pub2) by extension 'colcon_meta'
[0.537s] Level 1:colcon.colcon_core.package_identification:_identify(src/pub2) by extensions ['ros']
[0.537s] Level 1:colcon.colcon_core.package_identification:_identify(src/pub2) by extension 'ros'
[0.538s] DEBUG:colcon.colcon_core.package_identification:Package 'src/pub2' with type 'ros.ament_cmake' and name 'pub2'
[0.538s] Level 1:colcon.colcon_core.package_identification:_identify(src/pub2_1) by extensions ['ignore', 'ignore_ament_install']
[0.538s] Level 1:colcon.colcon_core.package_identification:_identify(src/pub2_1) by extension 'ignore'
[0.538s] Level 1:colcon.colcon_core.package_identification:_identify(src/pub2_1) by extension 'ignore_ament_install'
[0.539s] Level 1:colcon.colcon_core.package_identification:_identify(src/pub2_1) by extensions ['colcon_pkg']
[0.539s] Level 1:colcon.colcon_core.package_identification:_identify(src/pub2_1) by extension 'colcon_pkg'
[0.539s] Level 1:colcon.colcon_core.package_identification:_identify(src/pub2_1) by extensions ['colcon_meta']
[0.539s] Level 1:colcon.colcon_core.package_identification:_identify(src/pub2_1) by extension 'colcon_meta'
[0.539s] Level 1:colcon.colcon_core.package_identification:_identify(src/pub2_1) by extensions ['ros']
[0.539s] Level 1:colcon.colcon_core.package_identification:_identify(src/pub2_1) by extension 'ros'
[0.539s] DEBUG:colcon.colcon_core.package_identification:Package 'src/pub2_1' with type 'ros.ament_cmake' and name 'pub2_1'
[0.540s] Level 1:colcon.colcon_core.package_identification:_identify(src/pub2_2) by extensions ['ignore', 'ignore_ament_install']
[0.540s] Level 1:colcon.colcon_core.package_identification:_identify(src/pub2_2) by extension 'ignore'
[0.540s] Level 1:colcon.colcon_core.package_identification:_identify(src/pub2_2) by extension 'ignore_ament_install'
[0.540s] Level 1:colcon.colcon_core.package_identification:_identify(src/pub2_2) by extensions ['colcon_pkg']
[0.540s] Level 1:colcon.colcon_core.package_identification:_identify(src/pub2_2) by extension 'colcon_pkg'
[0.540s] Level 1:colcon.colcon_core.package_identification:_identify(src/pub2_2) by extensions ['colcon_meta']
[0.540s] Level 1:colcon.colcon_core.package_identification:_identify(src/pub2_2) by extension 'colcon_meta'
[0.540s] Level 1:colcon.colcon_core.package_identification:_identify(src/pub2_2) by extensions ['ros']
[0.540s] Level 1:colcon.colcon_core.package_identification:_identify(src/pub2_2) by extension 'ros'
[0.541s] DEBUG:colcon.colcon_core.package_identification:Package 'src/pub2_2' with type 'ros.ament_cmake' and name 'pub2_2'
[0.541s] Level 1:colcon.colcon_core.package_identification:_identify(src/pub2_3) by extensions ['ignore', 'ignore_ament_install']
[0.541s] Level 1:colcon.colcon_core.package_identification:_identify(src/pub2_3) by extension 'ignore'
[0.541s] Level 1:colcon.colcon_core.package_identification:_identify(src/pub2_3) by extension 'ignore_ament_install'
[0.541s] Level 1:colcon.colcon_core.package_identification:_identify(src/pub2_3) by extensions ['colcon_pkg']
[0.541s] Level 1:colcon.colcon_core.package_identification:_identify(src/pub2_3) by extension 'colcon_pkg'
[0.541s] Level 1:colcon.colcon_core.package_identification:_identify(src/pub2_3) by extensions ['colcon_meta']
[0.541s] Level 1:colcon.colcon_core.package_identification:_identify(src/pub2_3) by extension 'colcon_meta'
[0.541s] Level 1:colcon.colcon_core.package_identification:_identify(src/pub2_3) by extensions ['ros']
[0.541s] Level 1:colcon.colcon_core.package_identification:_identify(src/pub2_3) by extension 'ros'
[0.542s] DEBUG:colcon.colcon_core.package_identification:Package 'src/pub2_3' with type 'ros.ament_cmake' and name 'pub2_3'
[0.542s] Level 1:colcon.colcon_core.package_discovery:discover_packages(recursive) using defaults
[0.542s] Level 1:colcon.colcon_core.package_discovery:discover_packages(ignore) discover
[0.542s] Level 1:colcon.colcon_core.package_discovery:discover_packages(ignore) using defaults
[0.542s] Level 1:colcon.colcon_core.package_discovery:discover_packages(path) discover
[0.542s] Level 1:colcon.colcon_core.package_discovery:discover_packages(path) using defaults
[0.559s] INFO:colcon.colcon_core.package_selection:Skipping not selected package 'pub1' in 'src/pub1'
[0.559s] INFO:colcon.colcon_core.package_selection:Skipping not selected package 'pub1_1' in 'src/pub1_1'
[0.559s] INFO:colcon.colcon_core.package_selection:Skipping not selected package 'pub1_2' in 'src/pub1_2'
[0.559s] INFO:colcon.colcon_core.package_selection:Skipping not selected package 'pub1_3' in 'src/pub1_3'
[0.559s] INFO:colcon.colcon_core.package_selection:Skipping not selected package 'pub2' in 'src/pub2'
[0.559s] INFO:colcon.colcon_core.package_selection:Skipping not selected package 'pub2_1' in 'src/pub2_1'
[0.559s] INFO:colcon.colcon_core.package_selection:Skipping not selected package 'pub2_3' in 'src/pub2_3'
[0.559s] Level 1:colcon.colcon_core.package_discovery:discover_packages(prefix_path) check parameters
[0.560s] Level 1:colcon.colcon_core.package_discovery:discover_packages(prefix_path) discover
[0.576s] WARNING:colcon.colcon_ros.prefix_path.ament:The path '/home/linux/ros2_ws/install/pub2_1' in the environment variable AMENT_PREFIX_PATH doesn't exist
[0.577s] WARNING:colcon.colcon_ros.prefix_path.ament:The path '/home/linux/ros2_ws/install/pub2_3' in the environment variable AMENT_PREFIX_PATH doesn't exist
[0.577s] WARNING:colcon.colcon_ros.prefix_path.ament:The path '/home/linux/ros2_ws/install/pub2' in the environment variable AMENT_PREFIX_PATH doesn't exist
[0.577s] WARNING:colcon.colcon_ros.prefix_path.ament:The path '/home/linux/ros2_ws/install/pub1_3' in the environment variable AMENT_PREFIX_PATH doesn't exist
[0.577s] WARNING:colcon.colcon_ros.prefix_path.ament:The path '/home/linux/ros2_ws/install/pub1_2' in the environment variable AMENT_PREFIX_PATH doesn't exist
[0.577s] WARNING:colcon.colcon_ros.prefix_path.ament:The path '/home/linux/ros2_ws/install/pub1_1' in the environment variable AMENT_PREFIX_PATH doesn't exist
[0.577s] WARNING:colcon.colcon_ros.prefix_path.ament:The path '/home/linux/ros2_ws/install/pub1' in the environment variable AMENT_PREFIX_PATH doesn't exist
[0.577s] WARNING:colcon.colcon_ros.prefix_path.catkin:The path '/home/linux/ros2_ws/install/pub2_1' in the environment variable CMAKE_PREFIX_PATH doesn't exist
[0.577s] WARNING:colcon.colcon_ros.prefix_path.catkin:The path '/home/linux/ros2_ws/install/pub2_3' in the environment variable CMAKE_PREFIX_PATH doesn't exist
[0.577s] WARNING:colcon.colcon_ros.prefix_path.catkin:The path '/home/linux/ros2_ws/install/pub2' in the environment variable CMAKE_PREFIX_PATH doesn't exist
[0.577s] WARNING:colcon.colcon_ros.prefix_path.catkin:The path '/home/linux/ros2_ws/install/pub1_3' in the environment variable CMAKE_PREFIX_PATH doesn't exist
[0.578s] WARNING:colcon.colcon_ros.prefix_path.catkin:The path '/home/linux/ros2_ws/install/pub1_2' in the environment variable CMAKE_PREFIX_PATH doesn't exist
[0.578s] WARNING:colcon.colcon_ros.prefix_path.catkin:The path '/home/linux/ros2_ws/install/pub1_1' in the environment variable CMAKE_PREFIX_PATH doesn't exist
[0.578s] WARNING:colcon.colcon_ros.prefix_path.catkin:The path '/home/linux/ros2_ws/install/pub1' in the environment variable CMAKE_PREFIX_PATH doesn't exist
[0.579s] DEBUG:colcon.colcon_installed_package_information.package_discovery:Found 0 installed packages in /home/linux/ros2_ws/install
[0.581s] DEBUG:colcon.colcon_installed_package_information.package_discovery:Found 258 installed packages in /opt/ros/foxy
[0.582s] Level 1:colcon.colcon_core.package_discovery:discover_packages(prefix_path) using defaults
[0.651s] Level 5:colcon.colcon_core.verb:set package 'pub2_2' build argument 'cmake_args' from command line to 'None'
[0.651s] Level 5:colcon.colcon_core.verb:set package 'pub2_2' build argument 'cmake_target' from command line to 'None'
[0.651s] Level 5:colcon.colcon_core.verb:set package 'pub2_2' build argument 'cmake_target_skip_unavailable' from command line to 'False'
[0.651s] Level 5:colcon.colcon_core.verb:set package 'pub2_2' build argument 'cmake_clean_cache' from command line to 'False'
[0.651s] Level 5:colcon.colcon_core.verb:set package 'pub2_2' build argument 'cmake_clean_first' from command line to 'False'
[0.652s] Level 5:colcon.colcon_core.verb:set package 'pub2_2' build argument 'cmake_force_configure' from command line to 'False'
[0.652s] Level 5:colcon.colcon_core.verb:set package 'pub2_2' build argument 'ament_cmake_args' from command line to 'None'
[0.652s] Level 5:colcon.colcon_core.verb:set package 'pub2_2' build argument 'catkin_cmake_args' from command line to 'None'
[0.652s] Level 5:colcon.colcon_core.verb:set package 'pub2_2' build argument 'catkin_skip_building_tests' from command line to 'False'
[0.652s] DEBUG:colcon.colcon_core.verb:Building package 'pub2_2' with the following arguments: {'ament_cmake_args': None, 'build_base': '/home/linux/ros2_ws/build/pub2_2', 'catkin_cmake_args': None, 'catkin_skip_building_tests': False, 'cmake_args': None, 'cmake_clean_cache': False, 'cmake_clean_first': False, 'cmake_force_configure': False, 'cmake_target': None, 'cmake_target_skip_unavailable': False, 'install_base': '/home/linux/ros2_ws/install/pub2_2', 'merge_install': False, 'path': '/home/linux/ros2_ws/src/pub2_2', 'symlink_install': True, 'test_result_base': None}
[0.652s] INFO:colcon.colcon_core.executor:Executing jobs using 'parallel' executor
[0.654s] DEBUG:colcon.colcon_parallel_executor.executor.parallel:run_until_complete
[0.654s] INFO:colcon.colcon_ros.task.ament_cmake.build:Building ROS package in '/home/linux/ros2_ws/src/pub2_2' with build type 'ament_cmake'
[0.654s] INFO:colcon.colcon_cmake.task.cmake.build:Building CMake package in '/home/linux/ros2_ws/src/pub2_2'
[0.656s] INFO:colcon.colcon_core.plugin_system:Skipping extension 'colcon_core.shell.bat': Not used on non-Windows systems
[0.657s] INFO:colcon.colcon_core.shell:Skip shell extension 'powershell' for command environment: Not usable outside of PowerShell
[0.657s] DEBUG:colcon.colcon_core.shell:Skip shell extension 'dsv' for command environment
[0.672s] DEBUG:colcon.colcon_core.event_handler.log_command:Invoking command in '/home/linux/ros2_ws/build/pub2_2': CMAKE_PREFIX_PATH=${CMAKE_PREFIX_PATH}:/opt/ros/foxy /usr/bin/cmake /home/linux/ros2_ws/src/pub2_2 -DAMENT_CMAKE_SYMLINK_INSTALL=1 -DCMAKE_INSTALL_PREFIX=/home/linux/ros2_ws/install/pub2_2
[11.861s] DEBUG:colcon.colcon_core.event_handler.log_command:Invoked command in '/home/linux/ros2_ws/build/pub2_2' returned '0': CMAKE_PREFIX_PATH=${CMAKE_PREFIX_PATH}:/opt/ros/foxy /usr/bin/cmake /home/linux/ros2_ws/src/pub2_2 -DAMENT_CMAKE_SYMLINK_INSTALL=1 -DCMAKE_INSTALL_PREFIX=/home/linux/ros2_ws/install/pub2_2
[11.875s] DEBUG:colcon.colcon_core.event_handler.log_command:Invoking command in '/home/linux/ros2_ws/build/pub2_2': CMAKE_PREFIX_PATH=${CMAKE_PREFIX_PATH}:/opt/ros/foxy /usr/bin/cmake --build /home/linux/ros2_ws/build/pub2_2 -- -j6 -l6
[15.631s] DEBUG:colcon.colcon_core.event_handler.log_command:Invoked command in '/home/linux/ros2_ws/build/pub2_2' returned '0': CMAKE_PREFIX_PATH=${CMAKE_PREFIX_PATH}:/opt/ros/foxy /usr/bin/cmake --build /home/linux/ros2_ws/build/pub2_2 -- -j6 -l6
[15.648s] DEBUG:colcon.colcon_core.event_handler.log_command:Invoking command in '/home/linux/ros2_ws/build/pub2_2': CMAKE_PREFIX_PATH=${CMAKE_PREFIX_PATH}:/opt/ros/foxy /usr/bin/cmake --install /home/linux/ros2_ws/build/pub2_2
[15.856s] Level 1:colcon.colcon_core.environment:create_environment_scripts_only(pub2_2)
[15.857s] DEBUG:colcon.colcon_core.event_handler.log_command:Invoked command in '/home/linux/ros2_ws/build/pub2_2' returned '0': CMAKE_PREFIX_PATH=${CMAKE_PREFIX_PATH}:/opt/ros/foxy /usr/bin/cmake --install /home/linux/ros2_ws/build/pub2_2
[15.859s] Level 1:colcon.colcon_core.environment:checking '/home/linux/ros2_ws/install/pub2_2' for CMake module files
[15.860s] Level 1:colcon.colcon_core.environment:checking '/home/linux/ros2_ws/install/pub2_2' for CMake config files
[15.860s] Level 1:colcon.colcon_core.shell:create_environment_hook('pub2_2', 'cmake_prefix_path')
[15.861s] INFO:colcon.colcon_core.shell:Creating environment hook '/home/linux/ros2_ws/install/pub2_2/share/pub2_2/hook/cmake_prefix_path.ps1'
[15.862s] INFO:colcon.colcon_core.shell:Creating environment descriptor '/home/linux/ros2_ws/install/pub2_2/share/pub2_2/hook/cmake_prefix_path.dsv'
[15.863s] INFO:colcon.colcon_core.shell:Creating environment hook '/home/linux/ros2_ws/install/pub2_2/share/pub2_2/hook/cmake_prefix_path.sh'
[15.866s] Level 1:colcon.colcon_core.environment:checking '/home/linux/ros2_ws/install/pub2_2/lib'
[15.866s] Level 1:colcon.colcon_core.environment:checking '/home/linux/ros2_ws/install/pub2_2/bin'
[15.866s] Level 1:colcon.colcon_core.environment:checking '/home/linux/ros2_ws/install/pub2_2/lib/pkgconfig/pub2_2.pc'
[15.867s] Level 1:colcon.colcon_core.environment:checking '/home/linux/ros2_ws/install/pub2_2/lib/python3.8/site-packages'
[15.867s] Level 1:colcon.colcon_core.environment:checking '/home/linux/ros2_ws/install/pub2_2/bin'
[15.867s] INFO:colcon.colcon_core.shell:Creating package script '/home/linux/ros2_ws/install/pub2_2/share/pub2_2/package.ps1'
[15.868s] INFO:colcon.colcon_core.shell:Creating package descriptor '/home/linux/ros2_ws/install/pub2_2/share/pub2_2/package.dsv'
[15.869s] INFO:colcon.colcon_core.shell:Creating package script '/home/linux/ros2_ws/install/pub2_2/share/pub2_2/package.sh'
[15.870s] INFO:colcon.colcon_core.shell:Creating package script '/home/linux/ros2_ws/install/pub2_2/share/pub2_2/package.bash'
[15.871s] INFO:colcon.colcon_core.shell:Creating package script '/home/linux/ros2_ws/install/pub2_2/share/pub2_2/package.zsh'
[15.871s] Level 1:colcon.colcon_core.environment:create_file_with_runtime_dependencies(/home/linux/ros2_ws/install/pub2_2/share/colcon-core/packages/pub2_2)
[15.872s] Level 1:colcon.colcon_core.environment:create_environment_scripts_only(pub2_2)
[15.873s] Level 1:colcon.colcon_core.environment:checking '/home/linux/ros2_ws/install/pub2_2' for CMake module files
[15.873s] Level 1:colcon.colcon_core.environment:checking '/home/linux/ros2_ws/install/pub2_2' for CMake config files
[15.873s] Level 1:colcon.colcon_core.shell:create_environment_hook('pub2_2', 'cmake_prefix_path')
[15.874s] INFO:colcon.colcon_core.shell:Creating environment hook '/home/linux/ros2_ws/install/pub2_2/share/pub2_2/hook/cmake_prefix_path.ps1'
[15.874s] INFO:colcon.colcon_core.shell:Creating environment descriptor '/home/linux/ros2_ws/install/pub2_2/share/pub2_2/hook/cmake_prefix_path.dsv'
[15.875s] INFO:colcon.colcon_core.shell:Creating environment hook '/home/linux/ros2_ws/install/pub2_2/share/pub2_2/hook/cmake_prefix_path.sh'
[15.875s] Level 1:colcon.colcon_core.environment:checking '/home/linux/ros2_ws/install/pub2_2/lib'
[15.875s] Level 1:colcon.colcon_core.environment:checking '/home/linux/ros2_ws/install/pub2_2/bin'
[15.875s] Level 1:colcon.colcon_core.environment:checking '/home/linux/ros2_ws/install/pub2_2/lib/pkgconfig/pub2_2.pc'
[15.876s] Level 1:colcon.colcon_core.environment:checking '/home/linux/ros2_ws/install/pub2_2/lib/python3.8/site-packages'
[15.876s] Level 1:colcon.colcon_core.environment:checking '/home/linux/ros2_ws/install/pub2_2/bin'
[15.876s] INFO:colcon.colcon_core.shell:Creating package script '/home/linux/ros2_ws/install/pub2_2/share/pub2_2/package.ps1'
[15.877s] INFO:colcon.colcon_core.shell:Creating package descriptor '/home/linux/ros2_ws/install/pub2_2/share/pub2_2/package.dsv'
[15.878s] INFO:colcon.colcon_core.shell:Creating package script '/home/linux/ros2_ws/install/pub2_2/share/pub2_2/package.sh'
[15.878s] INFO:colcon.colcon_core.shell:Creating package script '/home/linux/ros2_ws/install/pub2_2/share/pub2_2/package.bash'
[15.879s] INFO:colcon.colcon_core.shell:Creating package script '/home/linux/ros2_ws/install/pub2_2/share/pub2_2/package.zsh'
[15.879s] Level 1:colcon.colcon_core.environment:create_file_with_runtime_dependencies(/home/linux/ros2_ws/install/pub2_2/share/colcon-core/packages/pub2_2)
[15.881s] DEBUG:colcon.colcon_parallel_executor.executor.parallel:closing loop
[15.883s] DEBUG:colcon.colcon_parallel_executor.executor.parallel:loop closed
[15.883s] DEBUG:colcon.colcon_parallel_executor.executor.parallel:run_until_complete finished with '0'
[15.883s] DEBUG:colcon.colcon_core.event_reactor:joining thread
[15.993s] INFO:colcon.colcon_core.plugin_system:Skipping extension 'colcon_notification.desktop_notification.notify_send': Could not find 'notify-send'
[15.993s] INFO:colcon.colcon_core.plugin_system:Skipping extension 'colcon_notification.desktop_notification.terminal_notifier': Not used on non-Darwin systems
[15.994s] INFO:colcon.colcon_core.plugin_system:Skipping extension 'colcon_notification.desktop_notification.win32': Not used on non-Windows systems
[15.994s] INFO:colcon.colcon_notification.desktop_notification:Sending desktop notification using 'notify2'
[15.995s] DEBUG:colcon.colcon_notification.desktop_notification.notify2:Failed to initialize notify2: org.freedesktop.DBus.Error.ServiceUnknown: The name org.freedesktop.Notifications was not provided by any .service files
[15.995s] DEBUG:colcon.colcon_core.event_reactor:joined thread
[15.996s] INFO:colcon.colcon_core.shell:Creating prefix script '/home/linux/ros2_ws/install/local_setup.ps1'
[15.997s] INFO:colcon.colcon_core.shell:Creating prefix util module '/home/linux/ros2_ws/install/_local_setup_util_ps1.py'
[15.998s] INFO:colcon.colcon_core.shell:Creating prefix chain script '/home/linux/ros2_ws/install/setup.ps1'
[15.999s] INFO:colcon.colcon_core.shell:Creating prefix script '/home/linux/ros2_ws/install/local_setup.sh'
[16.000s] INFO:colcon.colcon_core.shell:Creating prefix util module '/home/linux/ros2_ws/install/_local_setup_util_sh.py'
[16.000s] INFO:colcon.colcon_core.shell:Creating prefix chain script '/home/linux/ros2_ws/install/setup.sh'
[16.001s] INFO:colcon.colcon_core.shell:Creating prefix script '/home/linux/ros2_ws/install/local_setup.bash'
[16.002s] INFO:colcon.colcon_core.shell:Creating prefix chain script '/home/linux/ros2_ws/install/setup.bash'
[16.003s] INFO:colcon.colcon_core.shell:Creating prefix script '/home/linux/ros2_ws/install/local_setup.zsh'
[16.003s] INFO:colcon.colcon_core.shell:Creating prefix chain script '/home/linux/ros2_ws/install/setup.zsh'
